0: 295, VARIABLE, .AND., 295, VARIABLE, 514, VARIABLE
1: 514, VARIABLE, -, 515, VARIABLE, 514, VARIABLE
2: 514, VARIABLE, .AND., 514, VARIABLE, 514, VARIABLE
3: 516, VARIABLE, *, 514, VARIABLE, 516, VARIABLE
4: 295, VARIABLE, .OR., 297, VARIABLE, 413, VARIABLE
5: 295, VARIABLE, .OR., 298, VARIABLE, 416, VARIABLE
6: 55, VARIABLE, *, 59, VARIABLE, 517, VARIABLE
7: 53, VARIABLE, *, 59, VARIABLE, 518, VARIABLE
8: 52, VARIABLE, *, 59, VARIABLE, 519, VARIABLE
9: 54, VARIABLE, *, 59, VARIABLE, 520, VARIABLE
10: 198, VARIABLE, *, 42, VARIABLE, 521, VARIABLE
11: 517, VARIABLE, *, 41, VARIABLE, 522, VARIABLE
12: 521, VARIABLE, +, 522, VARIABLE, 198, VARIABLE
13: 196, VARIABLE, *, 42, VARIABLE, 523, VARIABLE
14: 518, VARIABLE, *, 41, VARIABLE, 524, VARIABLE
15: 523, VARIABLE, +, 524, VARIABLE, 196, VARIABLE
16: 195, VARIABLE, *, 42, VARIABLE, 525, VARIABLE
17: 519, VARIABLE, *, 41, VARIABLE, 526, VARIABLE
18: 525, VARIABLE, +, 526, VARIABLE, 195, VARIABLE
19: 197, VARIABLE, *, 42, VARIABLE, 527, VARIABLE
20: 520, VARIABLE, *, 41, VARIABLE, 528, VARIABLE
21: 527, VARIABLE, +, 528, VARIABLE, 197, VARIABLE
22: 315, VARIABLE, .AND., 315, VARIABLE, 529, VARIABLE
23: 291, VARIABLE, .NOR., 118, VARIABLE, 292, VARIABLE
24: 530, VARIABLE, *, -1, CONST, 531, VARIABLE
25: 532, VARIABLE, *, 533, VARIABLE, 532, VARIABLE
26: 516, VARIABLE, *, -1, CONST, 516, VARIABLE
27: 516, VARIABLE, .AND., 516, VARIABLE, 534, VARIABLE
28: 516, VARIABLE, .NAND., 516, VARIABLE, 535, VARIABLE
29: 410, VARIABLE, .NAND., 410, VARIABLE, 536, VARIABLE
30: 534, VARIABLE, .AND., 410, VARIABLE, 537, VARIABLE
31: 535, VARIABLE, .AND., 410, VARIABLE, 538, VARIABLE
32: 534, VARIABLE, .AND., 536, VARIABLE, 539, VARIABLE
33: 535, VARIABLE, .AND., 536, VARIABLE, 540, VARIABLE
34: 537, VARIABLE, *, 516, VARIABLE, 537, VARIABLE
35: 538, VARIABLE, *, 515, VARIABLE, 538, VARIABLE
36: 539, VARIABLE, *, 516, VARIABLE, 539, VARIABLE
37: 540, VARIABLE, *, 533, VARIABLE, 540, VARIABLE
38: 532, VARIABLE, +, 537, VARIABLE, 532, VARIABLE
39: 532, VARIABLE, +, 538, VARIABLE, 532, VARIABLE
40: 532, VARIABLE, +, 539, VARIABLE, 532, VARIABLE
41: 532, VARIABLE, +, 540, VARIABLE, 532, VARIABLE
42: 516, VARIABLE, *, -1, CONST, 516, VARIABLE
43: 316, VARIABLE, /, 316, VARIABLE, 529, VARIABLE
44: 316, VARIABLE, /, 316, VARIABLE, 529, VARIABLE
45: 316, VARIABLE, -, 316, VARIABLE, 541, VARIABLE
46: 316, VARIABLE, -, 316, VARIABLE, 542, VARIABLE
47: 66, VARIABLE, .NAND., 66, VARIABLE, 543, VARIABLE
48: 543, VARIABLE, *, 253, VARIABLE, 253, VARIABLE
49: 94, VARIABLE, *, -1, CONST, 544, VARIABLE
50: 544, VARIABLE, *, -1, CONST, 544, VARIABLE
51: 93, VARIABLE, *, -1, CONST, 545, VARIABLE
52: 545, VARIABLE, *, -1, CONST, 545, VARIABLE
53: 266, VARIABLE, *, 268, VARIABLE, 268, VARIABLE
54: 515, VARIABLE, /, 515, VARIABLE, 546, VARIABLE
55: 547, VARIABLE, *, 32, VARIABLE, 79, VARIABLE
56: 79, VARIABLE, *, -1, CONST, 79, VARIABLE
57: 81, VARIABLE, *, 548, VARIABLE, 549, VARIABLE
58: 81, VARIABLE, *, 550, VARIABLE, 551, VARIABLE
59: 81, VARIABLE, *, 83, VARIABLE, 552, VARIABLE
60: 80, VARIABLE, *, 83, VARIABLE, 553, VARIABLE
61: 552, VARIABLE, +, 553, VARIABLE, 554, VARIABLE
62: 554, VARIABLE, *, -1, CONST, 555, VARIABLE
63: 554, VARIABLE, *, -1, CONST, 556, VARIABLE
64: 554, VARIABLE, *, 1, CONST, 557, VARIABLE
65: 554, VARIABLE, *, 1, CONST, 558, VARIABLE
66: 554, VARIABLE, *, -1, CONST, 559, VARIABLE
67: 554, VARIABLE, *, -1, CONST, 560, VARIABLE
68: 554, VARIABLE, *, 1, CONST, 561, VARIABLE
69: 81, VARIABLE, *, 82, VARIABLE, 552, VARIABLE
70: 80, VARIABLE, *, 82, VARIABLE, 553, VARIABLE
71: 552, VARIABLE, +, 553, VARIABLE, 562, VARIABLE
72: 562, VARIABLE, +, 549, VARIABLE, 562, VARIABLE
73: 550, VARIABLE, *, 80, VARIABLE, 563, VARIABLE
74: 562, VARIABLE, *, 81, VARIABLE, 562, VARIABLE
75: 562, VARIABLE, +, 563, VARIABLE, 562, VARIABLE
76: 552, VARIABLE, +, 553, VARIABLE, 564, VARIABLE
77: 552, VARIABLE, -, 553, VARIABLE, 564, VARIABLE
78: 564, VARIABLE, +, 549, VARIABLE, 564, VARIABLE
79: 550, VARIABLE, *, 80, VARIABLE, 563, VARIABLE
80: 564, VARIABLE, *, 81, VARIABLE, 564, VARIABLE
81: 564, VARIABLE, -, 563, VARIABLE, 564, VARIABLE
82: 552, VARIABLE, -, 553, VARIABLE, 565, VARIABLE
83: 552, VARIABLE, +, 553, VARIABLE, 566, VARIABLE
84: 553, VARIABLE, -, 552, VARIABLE, 567, VARIABLE
85: 553, VARIABLE, *, -1, CONST, 553, VARIABLE
86: 553, VARIABLE, -, 552, VARIABLE, 568, VARIABLE
87: 553, VARIABLE, -, 552, VARIABLE, 569, VARIABLE
88: 569, VARIABLE, +, 549, VARIABLE, 569, VARIABLE
89: 550, VARIABLE, *, 80, VARIABLE, 563, VARIABLE
90: 569, VARIABLE, *, 81, VARIABLE, 569, VARIABLE
91: 569, VARIABLE, -, 563, VARIABLE, 569, VARIABLE
92: 553, VARIABLE, *, -1, CONST, 553, VARIABLE
93: 553, VARIABLE, -, 552, VARIABLE, 570, VARIABLE
94: 570, VARIABLE, +, 549, VARIABLE, 570, VARIABLE
95: 550, VARIABLE, *, 80, VARIABLE, 563, VARIABLE
96: 570, VARIABLE, *, 81, VARIABLE, 570, VARIABLE
97: 570, VARIABLE, +, 563, VARIABLE, 570, VARIABLE
98: 550, VARIABLE, *, 80, VARIABLE, 563, VARIABLE
99: 554, VARIABLE, *, 81, VARIABLE, 554, VARIABLE
100: 554, VARIABLE, +, 563, VARIABLE, 554, VARIABLE
101: 554, VARIABLE, *, -1, CONST, 555, VARIABLE
102: 554, VARIABLE, *, -1, CONST, 560, VARIABLE
103: 554, VARIABLE, *, 1, CONST, 561, VARIABLE
104: 12, VARIABLE, *, 1, CONST, 571, VARIABLE
105: 369, VARIABLE, *, 368, VARIABLE, 369, VARIABLE
106: 379, VARIABLE, *, 533, VARIABLE, 379, VARIABLE
107: 379, VARIABLE, +, 572, VARIABLE, 379, VARIABLE
108: 380, VARIABLE, *, 533, VARIABLE, 380, VARIABLE
109: 380, VARIABLE, +, 515, VARIABLE, 380, VARIABLE
110: 380, VARIABLE, +, 515, VARIABLE, 380, VARIABLE
111: 380, VARIABLE, -, 354, VARIABLE, 380, VARIABLE
112: 380, VARIABLE, -, 356, VARIABLE, 380, VARIABLE
113: 380, VARIABLE, .AND., 515, VARIABLE, 380, VARIABLE
114: 380, VARIABLE, +, 353, VARIABLE, 380, VARIABLE
115: 380, VARIABLE, +, 353, VARIABLE, 380, VARIABLE
116: 116, VARIABLE, *, 515, VARIABLE, 117, VARIABLE
117: 380, VARIABLE, *, 382, VARIABLE, 382, VARIABLE
118: 380, VARIABLE, *, 297, VARIABLE, 297, VARIABLE
119: 119, VARIABLE, .AND., 119, VARIABLE, 287, VARIABLE
120: 430, VARIABLE, .AND., 430, VARIABLE, 430, VARIABLE
121: 433, VARIABLE, .AND., 433, VARIABLE, 433, VARIABLE
