0: [15, ['KAPPLEM', -34], 0, 'MAPPING', 0, 3, 'KBUNDUMAG', 35, '2', 'KAPPLE', 36, '1', 'KHYBRID', 37, '0']
1: [15, ['KHYBRIDM', -38], 0, 'MAPPING', 0, 3, 'KBUNDUMAG', 35, '4', 'KAPPLE', 36, '0', 'KHYBRID', 37, '1']
2: [15, ['KUNDUWAM', -39], 0, 'MAPPING', 0, 3, 'KBUNDUMAG', 35, '-1', 'KAPPLE', 36, '0', 'KHYBRID', 37, '0']
3: [12, ['UEDEACT', -40], 0, 'MAPPING', 0, 2, 'IUE112MOD', 41, '0', 'NUE112MOD', 42, '1']
4: [48, ['UE112S3', -43], 0, 'MAPPING', 0, 14, 'IUE56', 44, '0', 'IUE46', 45, '0', 'IUE112', 46, '1', 'KBPOLYMAG', 47, '1', 'BSCALEPM', 48, '1.0', 'WINPM', 49, '2.0', 'RANGPM', 50, '1.0', 'FILEPM', 51, 'UE112.POLYMAG', 'SHUL', 52, '-0.5', 'SHLR', 53, '-0.5', 'SHUR', 54, '+0.5', 'SHLL', 55, '+0.5', 'IUE112MOD', 41, '1', 'NUE112MOD', 42, '0']
5: [48, ['UE112S2P', -56], 0, 'MAPPING', 0, 14, 'IUE56', 44, '0', 'IUE46', 45, '0', 'IUE112', 46, '1', 'KBPOLYMAG', 47, '1', 'BSCALEPM', 48, '1.0', 'WINPM', 49, '2.0', 'RANGPM', 50, '1.0', 'FILEPM', 51, 'UE112.POLYMAG', 'SHUL', 52, '-1.0', 'SHLR', 53, '+1.0', 'SHUR', 54, '0.0', 'SHLL', 55, '0.0', 'IUE112MOD', 41, '1', 'NUE112MOD', 42, '0']
6: [48, ['UE112S2N', -57], 0, 'MAPPING', 0, 14, 'IUE56', 44, '0', 'IUE46', 45, '0', 'IUE112', 46, '1', 'KBPOLYMAG', 47, '1', 'BSCALEPM', 48, '1.0', 'WINPM', 49, '2.0', 'RANGPM', 50, '1.0', 'FILEPM', 51, 'UE112.POLYMAG', 'SHUL', 52, '0.0', 'SHLR', 53, '0.0', 'SHUR', 54, '1.0', 'SHLL', 55, '-1.0', 'IUE112MOD', 41, '1', 'NUE112MOD', 42, '0']
7: [36, ['UE46S2', -60], 0, 'MAPPING', 0, 10, 'KBREC', 33, '1', 'SCALKL', 61, '1.0', 'SCALADD', 62, '0.0', 'FILEREC', 63, 'UE46-S2.PAR', 'IUE56', 44, '0', 'IUE46', 45, '1', 'IUE112', 46, '0', 'IRECU', 64, '0', 'IRECMODU', 65, '0', 'KBRECM', 65, '0']
8: [36, ['UE46S3', -67], 0, 'MAPPING', 0, 10, 'KBREC', 33, '1', 'SCALKL', 61, '1.0', 'SCALADD', 62, '0.0', 'FILEREC', 63, 'UE46-S3.PAR', 'IUE56', 44, '0', 'IUE46', 45, '1', 'IUE112', 46, '0', 'IRECU', 64, '0', 'IRECMODU', 65, '0', 'KBRECM', 66, '0']
9: [87, ['UE56CHIC', -78], 0, 'MAPPING', 0, 27, 'KBREC', 33, '1', 'IRFILF', 31, '0', 'KBFELD', 23, '0', 'KHALBA', 25, '0', 'KHALBASY', 27, '0', 'KUNDUGAP', 26, '0', 'KBUNDUMAG', 35, '0', 'KELLIP', 28, '0', 'IRBTAB', 29, '0', 'IRBTABZY', 30, '0', 'IRFILB0', 79, '0', 'SCALKL', 61, '1.0', 'SCALADD', 62, '0.0', 'FILEREC', 63, 'UE56-RL.PAR', 'IUE56', 44, '1', 'IUE46', 45, '0', 'IUE112', 46, '0', 'IRECU', 64, '0', 'IRECMODU', 65, '1', 'KBRECM', 66, '0', 'TROTCHIC0', 80, '1.', 'TROTMODU0', 81, '0.', 'TROT', 82, '73.6073', 'TROTEND', 83, '158.336', 'BCMOD(1)', 84, '0.0', 'BCMOD(2)', 85, '0.0', 'BCMOD(15)', 86, '0.0']
10: [72, ['UE56MODU', -87], 0, 'MAPPING', 0, 22, 'KBREC', 33, '1', 'IRFILF', 31, '0', 'KBFELD', 23, '0', 'KHALBA', 25, '0', 'KHALBASY', 27, '0', 'KUNDUGAP', 26, '0', 'KELLIP', 28, '0', 'IRBTAB', 29, '0', 'IRBTABZY', 30, '0', 'IRFILB0', 79, '0', 'SCALKL', 61, '1.0', 'SCALADD', 62, '0.0', 'FILEREC', 63, 'UE56-RR.PAR', 'IUE56', 44, '1', 'IUE46', 45, '0', 'IUE112', 46, '0', 'IRECU', 64, '0', 'IRECMODU', 65, '1', 'KBRECM', 66, '0', 'TROTCHIC0', 80, '0.', 'TROTMODU0', 81, '1.', 'TROTEND', 83, '90.']
11: [9, ['IMAGSPNM', -99], 0, 'BONDING', 0, 1, 'IMAGSPLN', 100, '-9999']
12: [18, ['IBFORCEM', -116], 0, 'MAPPING', 0, 4, 'IBFORCE', 117, '1', 'IUNDULATOR', 118, '0', 'IMAGSPLN', 100, '0', 'ISPEC', 119, '0']
13: [27, ['IWBMAPAM', -267], 0, 'MAPPING', 0, 7, 'IWBMAP', 268, '2', 'IBMAPX', 269, '1', 'IBMAPY', 270, '1', 'IBMAPZ', 271, '1', 'IBMRADIAL', 272, '0', 'IWBMAPEXT', 273, '0', 'IWBMAPT', 266, '1']
14: [27, ['IWBMAPHM', -274], 0, 'MAPPING', 0, 7, 'IWBMAP', 268, '3', 'IBMAPX', 269, '1', 'IBMAPY', 270, '1', 'IBMAPZ', 271, '1', 'IBMRADIAL', 272, '0', 'IWBMAPEXT', 273, '0', 'IWBMAPT', 266, '1']
15: [27, ['IWBMAPHM', -275], 0, 'MAPPING', 0, 7, 'IWBMAP', 268, '4', 'IBMAPX', 269, '1', 'IBMAPY', 270, '1', 'IBMAPZ', 271, '1', 'IBMRADIAL', 272, '0', 'IWBMAPEXT', 273, '0', 'IWBMAPT', 266, '1']
16: [27, ['IWBMAPCM', -276], 0, 'MAPPING', 0, 7, 'IWBMAP', 268, '5', 'IBMAPX', 269, '1', 'IBMAPY', 270, '1', 'IBMAPZ', 271, '1', 'IBMRADIAL', 272, '0', 'IWBMAPEXT', 273, '0', 'IWBMAPT', 266, '1']
17: [15, ['ISPECM', -287], 1, 'MAPPING', 1, 3, 'ISPEC', 119, '1', 'ISTOKES', 288, '1', 'IBRILL', 289, '1']
18: [33, ['UNDUM', -290], 0, 'MAPPING', 0, 9, 'IUNDU2', 72, '0', 'IUNDULATOR', 118, '1', 'IWIGGLER', 291, '0', 'IMAGSPNM', 99, '1', 'IMAGSPLN', 100, '-9999', 'IEXPERT', 292, '0', 'IEMIT', 293, '0', 'IPHELLIP', 294, '0', 'IBUNCH', 295, '0']
19: [36, ['UNDUBM', -296], 0, 'MAPPING', 0, 10, 'IUNDULATOR', 118, '1', 'IWIGGLER', 291, '0', 'IUNDU2', 72, '0', 'IMAGSPNM', 99, '0', 'IMAGSPLN', 100, '0', 'IEXPERT', 292, '0', 'IPHELLIP', 294, '0', 'IBUNCH', 295, '1', 'IFOLD', 297, '0', 'IEFOLD', 298, '0']
20: [99, ['UNDUFM', -299], 0, 'MAPPING', 0, 31, 'IUNDU2', 72, '1', 'KBFELD', 23, '0', 'KBREC', 33, '0', 'KMAGSEQ', 24, '0', 'KHALBA', 25, '0', 'KUNDUGAP', 26, '0', 'KBUNDUMAG', 35, '0', 'IRFILB0', 79, '0', 'KHALBASY', 27, '0', 'KELLIP', 28, '1', 'IRBTAB', 29, '0', 'IRBTABZY', 30, '0', 'IRFILF', 31, '0', 'IRMAP2', 300, '0', 'KAPPLEM', 34, '0', 'KHYBRID', 37, '0', 'KAPPLE', 36, '0', 'KHYBRIDM', 38, '0', 'KUNDUWAM', 39, '0', 'NOEMITPH', 301, '0', 'NOESPREADPH', 302, '0', 'PHRPERL', 303, '9999.', 'PHRB0H', 304, '9999.', 'PHRB0V', 305, '9999.', 'PHRSHIFT', 306, '9999.', 'IUNDULATOR', 118, '2', 'IWIGGLER', 291, '0', 'IMAGSPNM', 99, '1', 'IMAGSPLN', 100, '-9999', 'IEXPERT', 292, '0', 'IEMIT', 293, '0']
21: [27, ['WIGMOD1', -307], 0, 'MAPPING', 0, 7, 'IWIGGLER', 291, '1', 'IUNDULATOR', 118, '0', 'IMAGSPNM', 99, '1', 'IMAGSPLN', 100, '-9999', 'IEXPERT', 292, '0', 'IEMIT', 293, '0', 'IPHELLIP', 294, '0']
22: [27, ['WIGMOD2', -308], 0, 'MAPPING', 0, 7, 'IWIGGLER', 291, '2', 'IUNDULATOR', 118, '0', 'IMAGSPNM', 99, '1', 'IMAGSPLN', 100, '-9999', 'IEXPERT', 292, '0', 'IEMIT', 293, '0', 'IPHELLIP', 294, '0']
23: [12, ['IEXPERTM', -309], 0, 'MAPPING', 0, 2, 'IUNDULATOR', 118, '0', 'IWIGGLER', 291, '0']
24: [9, ['IVELOM1', -343], 1, 'MAPPING', 1, 1, 'IVELOFIELD', 344, '0']
25: [9, ['IVELOM2', -345], 0, 'MAPPING', 0, 1, 'IVELOFIELD', 344, '1']
26: [9, ['IVELOM3', -346], 0, 'MAPPING', 0, 1, 'IVELOFIELD', 344, '-1']
27: [18, ['IPIN0M', -352], 0, 'MAPPING', 0, 4, 'IPIN3', 353, '0', 'IPINHV', 354, '1', 'IPINWV', 355, '1', 'IPINRV', 356, '1']
28: [18, ['IPINRECTM', -357], 1, 'MAPPING', 1, 4, 'IPINCIRC', 358, '0', 'IPINWV', 355, '0', 'IPINHV', 354, '0', 'IPINRV', 356, '1']
29: [18, ['IPINCIRCM', -359], 0, 'MAPPING', 0, 4, 'IPINCIRC', 358, '1', 'IPINWV', 355, '1', 'IPINHV', 354, '1', 'IPINRV', 356, '0']
30: [12, ['IFOLDM', -382], 1, 'MAPPING', 1, 2, 'IFOLD', 297, '1', 'IBUNCH', 295, '0']
31: [12, ['IEFOLDM', -383], 1, 'MAPPING', 1, 2, 'IEFOLD', 298, '1', 'IBUNCH', 295, '0']
32: [15, ['IBUNCHM', -384], 0, 'MAPPING', 0, 3, 'IBUNCH', 295, '1', 'IFOLD', 297, '0', 'IEFOLD', 298, '0']
33: [9, ['IPHASEM', -410], 0, 'BONDING', 0, 1, 'IMAMPLI', 411, '3']
34: [9, ['EFFIB', -420], 0, 'BONDING', 0, 1, 'IEFFI', 421, '-1']
35: [9, ['IHTRACKMM', -429], 1, 'BONDING', 1, 1, 'IHTRACK', 430, '1']
36: [9, ['IHTRACKMMM', -432], 1, 'BONDING', 1, 1, 'IHTRACKM', 433, '1']
37: [9, ['IHPINM', -436], 0, 'BONDING', 0, 1, 'IHPIN', 437, '-1']
38: [24, ['IEMITM', -459], 0, 'MAPPING', 0, 6, 'IUNDULATOR', 118, '0', 'WIGMOD1', 307, '0', 'WIGMOD2', 308, '0', 'IEXPERT', 292, '1', 'IEMIT', 293, '1', 'IMAGSPLN', 100, '0']
39: [24, ['IOPTICM', -474], 0, 'MAPPING', 0, 6, 'IUNDULATOR', 118, '0', 'WIGMOD1', 307, '0', 'WIGMOD2', 308, '0', 'IEXPERT', 292, '1', 'IOPTIC', 475, '1', 'IHPHSPAC', 476, '1']
