0
[29, 'WAVE', ['WAVES', -1], 'SETUP WAVE INPUT', 'MENU', 'TEXT', 'User title', 'VARIABLE', 'WAVE.EXAMPLE', 0, 'MENU', 1, 'MENU', 2, 'MENU', 3, 'MENU', 13, 'MENU', 14, 'MENU', 39, 'MENU', 44, 'MENU', 66, 'MENU', 67, 'MENU', 68]
1
[69, 'BEAM', ['WAVE', 0], 'Beam and storage ring parameters', 'MENU', 'TEXT', 'Sign of particle charge [-1/1]', 'VARIABLE', '-1', 1, 'TEXT', 'Total beam energy [GeV]', 'VARIABLE', '1.722', 2, 'TEXT', 'Take energy loss into account [1,0,-1]', 'VARIABLE', '1', 3, 'TEXT', 'current [A]', 'VARIABLE', '0.1', 4, 'TEXT', 'X, where the Beta-function etc. refer to  [m]', 'VARIABLE', '9999.', 5, 'TEXT', 'Hor. beta-function [m]', 'VARIABLE', '9999.', 6, 'TEXT', 'Derivative of hori. beta-function', 'VARIABLE', '9999.', 7, 'TEXT', 'Vert. beta-function [m]', 'VARIABLE', '9999.', 8, 'TEXT', 'Derivative of vert. beta-function', 'VARIABLE', '9999.', 9, 'TEXT', 'Natural emittance of the storage ring [rad-m]', 'VARIABLE', '7.70e-9', 10, 'TEXT', 'Vertical emittance of the storage ring [rad-m]', 'VARIABLE', '15.4e-11', 11, 'TEXT', 'Rel. energy-spread of the beam', 'VARIABLE', '0.001', 12, 'TEXT', 'Circumference of the ring [m]', 'VARIABLE', '240.', 13]
2
[57, 'TRACKING', ['WAVE', 0], 'Tracking parameters', 'MENU', 'TEXT', 'start value for X-Coord. [m] of elec. (9999. means set by WAVE)', 'VARIABLE', '9999.', 14, 'COMMENT', 'X is longitudinal coordinate', 'TEXT', 'Y-Coord. [m] of electron at starting X or Xref', 'VARIABLE', '0.0', 15, 'COMMENT', 'Y is vertical coordinate', 'TEXT', 'Z-coord. [m] of electron at starting X or Xref', 'VARIABLE', '0.0', 16, 'TEXT', 'stop value for X-Coord. [m] of elec. (9999. means set by WAVE)', 'VARIABLE', '9999.', 17, 'TEXT', 'relative velocity in X at starting X or Xref', 'VARIABLE', '1.0', 18, 'TEXT', 'relative velocity in Y at starting X or Xref', 'VARIABLE', '0.0', 19, 'TEXT', 'relative velocity in Z at starting X or Xref', 'VARIABLE', '0.0', 20, 'TEXT', 'X-reference for velocity vector', 'VARIABLE', '-9999.', 21, 'COMMENT', 'Xref = -9999. means velocity referes to starting point', 'COMMENT', 'Xref = 9999. means default is used if possible', 'TEXT', 'number of steps per meter', 'VARIABLE', '5000', 22]
3
[56, 'MAGSEL', ['WAVE', 0], 'Magnetic field selection', 'MENU', 'TEXT', 'Sequence of simple dipole magnets', 'TOGGLE', '0', 23, 'TEXT', 'Sequence of soft edge magnets', 'TOGGLE', '0', 24, 'TEXT', 'Halbach undulator/wiggler', 'TOGGLE', '0', 25, 'TEXT', 'Hybrid undulator with end poles, gap controlled', 'TOGGLE', '0', 26, 'TEXT', 'Halbach undulator/wiggler with end poles', 'TOGGLE', '0', 27, 'TEXT', 'Elliptical undulator (analytical model)', 'TOGGLE', '1', 28, 'TEXT', 'Tabulated vertical field BY(X)', 'TOGGLE', '0', 29, 'TEXT', 'Tabulated fields BY(X) and BZ(X)', 'TOGGLE', '0', 30, 'TEXT', '3D field from Fourier expansion', 'TOGGLE', '0', 31, 'TEXT', '3D field map', 'TOGGLE', '0', 32, 'MENU', 4]
4
[23, 'RECIDS', ['MAGSEL', 3], 'IDs based on Finite Element Codes', 'MENU', 'TEXT', 'REC-Undulators (program REC)', 'TOGGLE', '0', 33, 'TEXT', 'Apple II undulator (program UNDUMAG)', 'MAPPING', 0, 'TEXT', 'Planar hybrid undulator (program UNDUMAG)', 'MAPPING', 1, 'TEXT', 'Use field from file undumag.wav', 'MAPPING', 2, 'MENU', 5]
5
[10, 'BESSY', ['RECIDS', 4], 'BESSY-IDs', 'MENU', 'MENU', 6, 'MENU', 7, 'MENU', 11]
6
[51, 'UE112', ['BESSY', 5], 'UE112 (POLYMAG)', 'MENU', 'TEXT', 'deaktivate UE112', 'MAPPING', 3, 'TEXT', 'parallel mode', 'MAPPING', 4, 'TEXT', 'anti-parallel mode, pos. shift', 'MAPPING', 5, 'TEXT', 'anti-parallel mode, neg. shift', 'MAPPING', 6, 'TEXT', 'full gap [mm]', 'VARIABLE', '20.', 58, 'TEXT', 'shift [mm]', 'VARIABLE', '0.', 59, 'COMMENT', 'to shift rows independently deaktivate UE112', 'COMMENT', 'and use POLYMAG menu', 'TEXT', 'full window width for calculation of magnetic field [m]', 'VARIABLE', '1.0', 49, 'TEXT', 'extension of tracking range', 'VARIABLE', '0.5', 50, 'COMMENT', 'for XSTART/XSTOP equal 9999.', 'TEXT', 'scaling factor for magnetic field', 'VARIABLE', '1.', 48]
7
[28, 'UE46', ['BESSY', 5], 'UE46', 'MENU', 'TEXT', 'UE46 linear polarisation', 'MAPPING', 7, 'TEXT', 'UE46 elliptical polarisation', 'MAPPING', 8, 'TEXT', 'half gap [mm]', 'VARIABLE', '7.5', 68, 'TEXT', 'shift [mm]', 'VARIABLE', '0.0', 69, 'MENU', 8, 'MENU', 9, 'MENU', 10]
8
[14, 'RECERRID', ['UE46', 7], 'Field errors', 'MENU', 'TEXT', 'sigma of rel. field strength errors', 'VARIABLE', '0.0', 70, 'TEXT', 'maximum of rel. field strength errors', 'VARIABLE', '1000.0', 71]
9
[14, 'TAPERUE46', ['UE46', 7], 'Taper', 'MENU', 'TEXT', 'apply vertical taper function', 'TOGGLE', '0', 73, 'TEXT', 'apply vertical taper function', 'TOGGLE', '0', 74]
10
[25, 'RECPLOTUE46', ['UE46', 7], 'Plotting options', 'MENU', 'TEXT', 'plot rec-structure [-1,0,1]', 'VARIABLE', '1', 75, 'COMMENT', '$TEXT', 'TEXT', 'plot rec-structure [-1,0,1]', 'VARIABLE', '9999.', 76, 'COMMENT', '9999. means autoscaling', 'TEXT', 'end of plotting range in X [mm]', 'VARIABLE', '9999.', 77, 'COMMENT', '9999. means autoscaling']
11
[39, 'UE56', ['BESSY', 5], 'UE56', 'MENU', 'TEXT', 'UE56 chicane-mode (200 mu-rad)', 'MAPPING', 9, 'TEXT', 'UE56 modulator-mode', 'MAPPING', 10, 'TEXT', 'half gap [mm]', 'VARIABLE', '7.5', 68, 'TEXT', 'shift [mm]', 'VARIABLE', '0.0', 69, 'TEXT', 'Rotation angle for modulator magnets (deg.)', 'VARIABLE', '86.76', 82, 'TEXT', 'Rotation angle for chicane magnets (deg.)', 'VARIABLE', '90.', 83, 'TEXT', 'Scaling factor for chicane/modulator magnets', 'VARIABLE', '1.', 88, 'MENU', 12]
12
[25, 'RECPLOTUE56', ['UE56', 11], 'Plotting options', 'MENU', 'TEXT', 'plot rec-structure [0/1]', 'VARIABLE', '1', 75, 'COMMENT', 'statically linked version of WAVE might crash for 1', 'TEXT', 'start of plotting range in X [mm]', 'VARIABLE', '9999.', 76, 'COMMENT', '9999. means autoscaling', 'TEXT', 'end of plotting range in X [mm]', 'VARIABLE', '9999.', 77, 'COMMENT', '9999. means autoscaling']
13
[34, 'MAGNET', ['WAVE', 0], 'Magnetic field parameters', 'MENU', 'MENU', 19, 'MENU', 22, 'MENU', 23, 'MENU', 24, 'MENU', 25, 'MENU', 26, 'MENU', 27, 'MENU', 28, 'MENU', 29, 'MENU', 30, 'MENU', 31, 'MENU', 32, 'MENU', 33, 'MENU', 36, 'MENU', 56]
14
[58, 'MAGOPT', ['WAVE', 0], 'Global magnetic field options', 'MENU', 'TEXT', 'offset to By [T]', 'VARIABLE', '0.0', 89, 'TEXT', 'offset to Bz [T]', 'VARIABLE', '0.0', 90, 'TEXT', 'scaling factor for magnetic field', 'VARIABLE', '1.0', 91, 'TEXT', 'scaling factor for vector potential of magnetic field', 'VARIABLE', '1.0', 92, 'COMMENT', 'only needed for calculation of Generating Function', 'TEXT', 'scaling factor for vert. magnetic field', 'VARIABLE', '1.0', 93, 'TEXT', 'scaling factor for hori. magnetic field', 'VARIABLE', '1.0', 94, 'TEXT', 'symmetry mode with respect to X [-1/0/1]', 'VARIABLE', '0', 95, 'TEXT', 'X-coordinate of symmetry point [m]', 'VARIABLE', '0.0', 96, 'TEXT', 'symmetry mode with respect to Y [-1/0/1]', 'VARIABLE', '0', 97, 'TEXT', 'symmetry mode with respect to Z [-1/0/1]', 'VARIABLE', '0', 98, 'MENU', 15]
15
[43, 'MAGOPTC', ['MAGOPT', 14], 'Global magnetic field options (continued)', 'MENU', 'TEXT', 'Spline magnetic field after tracking for further use', 'BONDING', 11, 'COMMENT', 'is effected by "main modes" in spectrum calculation menu', 'COMMENT', 'defaults for XSTART, XSTOP, XINTER not allowed for this option', 'TEXT', 'Mask magnetic field with pattern of simple dipole menu', 'TOGGLE', '0', 101, 'TEXT', 'x-shift of device (x(elect) -> x(elect)+XSHIFT) [m]', 'VARIABLE', '0.0', 102, 'TEXT', 'Vertical shift of device (y(elect) -> y(elect)+YSHIFT) [m]', 'VARIABLE', '0.0', 103, 'TEXT', 'Horizontal shift of device (z(elect) -> z(elect)+YSHIFT) [m]', 'VARIABLE', '0.0', 104, 'TEXT', 'Rotation angle around x-axis [degree]', 'VARIABLE', '0.0', 105, 'MENU', 16, 'MENU', 17, 'MENU', 18]
16
[29, 'MAGERR', ['MAGOPTC', 15], 'Magnetic field errors', 'MENU', 'TEXT', 'Toggle magnet field errors', 'TOGGLE', '0', 106, 'TEXT', 'Amplitude of field errors [T]', 'VARIABLE', '0.', 107, 'TEXT', 'Mode', 'VARIABLE', '0', 108, 'TEXT', 'Period-length of error field [m]', 'VARIABLE', '0.032', 109, 'TEXT', 'Period-length of transversal gradient  [m]', 'VARIABLE', '0.', 110]
17
[31, 'MAGPER', ['MAGOPTC', 15], 'Making periodic fields', 'MENU', 'TEXT', 'Magnetic field is taken periodically [1,0,-1,-2,-3,-4]', 'VARIABLE', '0', 111, 'COMMENT', 'may cause problems with defaults of XSTART...', 'TEXT', 'lower X, for which field is taken periodically [m]', 'VARIABLE', '0.', 112, 'TEXT', 'upper X, for which field is taken periodically [m]', 'VARIABLE', '0.', 113, 'TEXT', 'period length of magnetic field [m]', 'VARIABLE', '0.8', 114, 'TEXT', 'longitudinal offset of period [m]', 'VARIABLE', '-0.4', 115]
18
[55, 'FORCES', ['MAGOPTC', 15], 'Forces and torques', 'MENU', 'TEXT', 'Activate calculation of forces and torques', 'MAPPING', 12, 'COMMENT', 'turns off spectrum calculations', 'TEXT', 'X-position of box center [m]', 'VARIABLE', '0.0', 120, 'TEXT', 'Y-position of box center [m]', 'VARIABLE', '0.0', 121, 'TEXT', 'Z-position of box center [m]', 'VARIABLE', '0.0', 122, 'TEXT', 'length (X) of box [m]', 'VARIABLE', '1.', 123, 'TEXT', 'heigth (Y) of box [m]', 'VARIABLE', '1.', 124, 'TEXT', 'width (Z) of box [m]', 'VARIABLE', '1.', 125, 'TEXT', 'number of longitudinal intervalls', 'VARIABLE', '1', 126, 'TEXT', 'number of vertical intervalls', 'VARIABLE', '1', 127, 'TEXT', 'number of intervalls in Z', 'VARIABLE', '1', 128]
19
[56, 'BBFELD', ['MAGNET', 13], 'Sequence of simple dipole magnets', 'MENU', 'TEXT', 'Field of 1.magnet [T]', 'VARIABLE', '1.', 129, 'TEXT', 'X of entrance of 1.magnet [m]', 'VARIABLE', '-1.', 130, 'TEXT', 'X of exit of 1. magnet [m]', 'VARIABLE', '+1.', 131, 'TEXT', 'width of fring fields [m]', 'VARIABLE', '0.1', 132, 'TEXT', 'width of fring fields [m]', 'VARIABLE', '0.1', 133, 'TEXT', 'Field of 2.magnet [T]', 'VARIABLE', '1.', 134, 'TEXT', 'X of entrance of 2. magnet [m]', 'VARIABLE', '2.', 135, 'TEXT', 'X of exit of 2. magnet [m]', 'VARIABLE', '3.', 136, 'TEXT', 'width of fring fields [m]', 'VARIABLE', '0.0000', 137, 'TEXT', 'width of fring fields [m]', 'VARIABLE', '0.0000', 138, 'MENU', 20]
20
[56, 'BBFELDF', ['BBFELD', 19], 'Sequence of simple dipole magnets (continued)', 'MENU', 'TEXT', 'Field of 3.magnet [T]', 'VARIABLE', '1.', 139, 'TEXT', 'X of entrance of 3. magnet [m]', 'VARIABLE', '4.', 140, 'TEXT', 'X of exit of 3. magnet [m]', 'VARIABLE', '5.', 141, 'TEXT', 'width of fring fields [m]', 'VARIABLE', '0.0000', 142, 'TEXT', 'width of fring fields [m]', 'VARIABLE', '0.0000', 143, 'TEXT', 'Field of 4.magnet [T]', 'VARIABLE', '1.', 144, 'TEXT', 'X of entrance of 4. magnet [m]', 'VARIABLE', '6.', 145, 'TEXT', 'X of exit of 4. magnet [m]', 'VARIABLE', '7.', 146, 'TEXT', 'width of fring fields [m]', 'VARIABLE', '0.0000', 147, 'TEXT', 'width of fring fields [m]', 'VARIABLE', '0.0000', 148, 'MENU', 21]
21
[54, 'BBFELDFF', ['BBFELDF', 20], 'Sequence of simple dipole magnets (continued)', 'MENU', 'TEXT', 'Field of 5.magnet [T]', 'VARIABLE', '1.', 149, 'TEXT', 'X of entrance of 5. magnet [m]', 'VARIABLE', '8.', 150, 'TEXT', 'X of exit of 5. magnet [m]', 'VARIABLE', '9.', 151, 'TEXT', 'width of fring fields [m]', 'VARIABLE', '0.0000', 152, 'TEXT', 'width of fring fields [m]', 'VARIABLE', '0.0000', 153, 'TEXT', 'Field of 6.magnet [T]', 'VARIABLE', '1.', 154, 'TEXT', 'X of entrance of 6. magnet [m]', 'VARIABLE', '10.', 155, 'TEXT', 'X of exit of 6. magnet [m]', 'VARIABLE', '11.', 156, 'TEXT', 'width of fring fields [m]', 'VARIABLE', '0.0000', 157, 'TEXT', 'width of fring fields [m]', 'VARIABLE', '0.0000', 158]
22
[9, 'BMAGSEQ', ['MAGNET', 13], 'Sequence soft edge magnets', 'MENU', 'TEXT', 'Filename of magnet list', 'VARIABLE', 'magseq.in', 159]
23
[24, 'HALBACH', ['MAGNET', 13], 'Halbach undulator', 'MENU', 'TEXT', 'Peak field [T]', 'VARIABLE', '0.5', 160, 'TEXT', 'Number of periods', 'VARIABLE', '50.', 161, 'TEXT', 'Period length (lz=2*pi/kz) [m]', 'VARIABLE', '0.05', 162, 'TEXT', 'Transversal dimension (lx=2*pi/kx) [m]', 'VARIABLE', '0.0', 163]
24
[44, 'UNDUGAP', ['MAGNET', 13], 'Hybrid undulator with end poles, gap controlled', 'MENU', 'TEXT', 'Full gap [m]', 'VARIABLE', '0.0055', 164, 'TEXT', 'Number of main poles (should be odd)', 'VARIABLE', '161.', 165, 'TEXT', 'Period length (lz=2*pi/kz) [m]', 'VARIABLE', '0.017', 166, 'TEXT', 'Transversal dimension (lx=2*pi/kx) [m]', 'VARIABLE', '0.', 167, 'TEXT', 'Longitudinal position of the device center [m]', 'VARIABLE', '0.0', 168, 'TEXT', 'Parameter a', 'VARIABLE', '3.598', 169, 'TEXT', 'Parameter b', 'VARIABLE', '-3.840', 170, 'TEXT', 'Parameter c', 'VARIABLE', '0.6311', 171]
25
[49, 'HALBASY', ['MAGNET', 13], 'Halbach undulator with end poles', 'MENU', 'TEXT', 'K-parameter (overwrites peak field, if not zero)', 'VARIABLE', '0.', 172, 'TEXT', 'Peak field [T]', 'VARIABLE', '2.', 173, 'TEXT', 'Number of main poles (should be odd)', 'VARIABLE', '21.', 174, 'TEXT', 'Peak field ratio of main to end poles (2 is recommended)', 'VARIABLE', '2.0', 175, 'TEXT', 'Period length (lz=2*pi/kz) [m]', 'VARIABLE', '0.2', 176, 'TEXT', 'Transversal dimension (lx=2*pi/kx) [m]', 'VARIABLE', '0.', 177, 'TEXT', 'Longitudinal position of the device center [m]', 'VARIABLE', '0.0', 178, 'TEXT', 'Number of considered  harmonic to adjust K', 'VARIABLE', '0', 179, 'TEXT', 'Energy of considered harmonic', 'VARIABLE', '1000.', 180]
26
[39, 'ELLIP', ['MAGNET', 13], 'Elliptical undulator', 'MENU', 'TEXT', 'K-parameter of undulator', 'VARIABLE', '0.', 181, 'TEXT', 'Vertical peak field [T]', 'VARIABLE', '0.353553390593', 182, 'TEXT', 'Horizontal peak field [T]', 'VARIABLE', '0.353553390593', 183, 'TEXT', 'Number of periods', 'VARIABLE', '31.', 184, 'TEXT', 'Period length [m]', 'VARIABLE', '0.056', 185, 'TEXT', 'Number of considered  harmonic to adjust K', 'VARIABLE', '0', 186, 'TEXT', 'Energy of considered harmonic', 'VARIABLE', '1000.', 187]
27
[24, 'BFOUR', ['MAGNET', 13], '3D field from Fourier expansion', 'MENU', 'TEXT', 'Filename to read coeffients from', 'VARIABLE', 'btab.fou', 188, 'TEXT', 'Number of coefficients to take into account', 'VARIABLE', '-9999', 189, 'TEXT', 'Set coefficient A(0) to zero [0/1]', 'TOGGLE', '0', 190, 'TEXT', '2*pi/kx (to superimpose horizontal gradient) [m]', 'VARIABLE', '0.0', 191]
28
[9, 'BTAB', ['MAGNET', 13], 'Tabulated field BY(X)', 'MENU', 'TEXT', 'File name of field table', 'VARIABLE', 'btab.dat', 192]
29
[14, 'BTABZY', ['MAGNET', 13], 'Tabulated fields BY(X) and BZ(X)', 'MENU', 'TEXT', 'File name of BY(X)', 'VARIABLE', 'btab.dat', 192, 'TEXT', 'File name of BZ(X)', 'VARIABLE', 'bz.dat', 193]
30
[9, 'BMAPP', ['MAGNET', 13], '3D field map', 'MENU', 'TEXT', 'Filename of field map', 'VARIABLE', 'bmap.ntup', 194]
31
[51, 'POLYMAG', ['MAGNET', 13], 'REC-Structure from file (POLYMAG)', 'MENU', 'TEXT', 'file with REC-structure', 'VARIABLE', 'polymag.in', 51, 'TEXT', 'gap [mm]', 'VARIABLE', '20.', 58, 'TEXT', 'shift of upper-left row [mm]', 'VARIABLE', '0.', 195, 'TEXT', 'shift of lower-right row [mm]', 'VARIABLE', '0.', 196, 'TEXT', 'shift of upper-right row [mm]', 'VARIABLE', '0.', 197, 'TEXT', 'shift of lower-left row [mm]', 'VARIABLE', '0.', 198, 'TEXT', 'full window width for calculation of magnetic field [m]', 'VARIABLE', '1.0', 49, 'TEXT', 'extension of tracking range', 'VARIABLE', '0.5', 50, 'COMMENT', 'for XSTART/XSTOP equal 9999.', 'TEXT', 'scaling factor for magnetic field', 'VARIABLE', '1.', 48]
32
[58, 'BREC', ['MAGNET', 13], 'REC-undulator (Option KBREC)', 'MENU', 'TEXT', 'length of magnets [mm]', 'VARIABLE', '14.', 199, 'TEXT', 'height of magnets [mm]', 'VARIABLE', '40.', 200, 'TEXT', 'width of magnets [mm]', 'VARIABLE', '40.', 201, 'TEXT', 'number of periods', 'VARIABLE', '30', 202, 'TEXT', 'half gap of undulator [mm]', 'VARIABLE', '11.6', 203, 'TEXT', 'strength of magnets [T]', 'VARIABLE', '1.22', 204, 'TEXT', 'undulator type', 'VARIABLE', '1', 205, 'COMMENT', '0: planar, 1: helical, S3 mode, -1: planar, S2 mode', 'TEXT', 'horizontal distance of rows for helical undulator [mm]', 'VARIABLE', '0.8', 206, 'TEXT', 'rowshift for helical undulator [mm]', 'VARIABLE', '10.', 207, 'TEXT', 'additional shift for lower rows [mm]', 'VARIABLE', '0.', 208, 'MENU', 37]
33
[88, 'UNDUAPPLE', ['MAGNET', 13], 'APPLE-II undulator (UNDUMAG)', 'MENU', 'TEXT', 'number of periods', 'VARIABLE', '7', 209, 'TEXT', 'full gap [mm]', 'VARIABLE', '10.', 210, 'TEXT', 'length of magnets [mm]', 'VARIABLE', '14.', 211, 'TEXT', 'height of magnets [mm]', 'VARIABLE', '40.', 212, 'TEXT', 'width of magnets [mm]', 'VARIABLE', '40.', 213, 'TEXT', 'S2-shift', 'VARIABLE', '0.', 214, 'TEXT', 'S3-shift', 'VARIABLE', '10.', 215, 'TEXT', 'coating and dead layer of magnets', 'VARIABLE', '0.014', 216, 'TEXT', 'remanence of magnets [T]', 'VARIABLE', '1.62', 217, 'TEXT', 'mu parallel for linear REC material', 'VARIABLE', '1.03', 218, 'TEXT', 'ksi perpendicular for linear REC material', 'VARIABLE', '0.17', 219, 'TEXT', 'horizontal distance of rows for helical undulator [mm]', 'VARIABLE', '0.8', 220, 'TEXT', 'number of divisions of magnets in X', 'VARIABLE', '1', 221, 'TEXT', 'number of divisions of half magnets in X', 'VARIABLE', '1', 222, 'TEXT', 'number of divisions of magnets in Y', 'VARIABLE', '3', 223, 'TEXT', 'number of divisions of magnets in Z', 'VARIABLE', '3', 224, 'MENU', 34, 'MENU', 35]
34
[53, 'APPLEMAP', ['UNDUAPPLE', 33], 'Field Map', 'MENU', 'TEXT', 'xmin for field map [mm]', 'VARIABLE', '9999.', 225, 'COMMENT', '9999.: Auto scaling', 'TEXT', 'step size of field map in x [mm]', 'VARIABLE', '1.', 226, 'COMMENT', '9999.: Same as for Beff calculations', 'TEXT', 'number of steps in x, if dxmap is zero', 'VARIABLE', '0', 227, 'TEXT', 'ymin for field map [mm]', 'VARIABLE', '-3.0', 228, 'TEXT', 'ymax for field map [mm]', 'VARIABLE', '3.0', 229, 'TEXT', 'number of steps for field map in y', 'VARIABLE', '1', 230, 'TEXT', 'zmin for field map [mm]', 'VARIABLE', '-20.0', 231, 'TEXT', 'zmax for field map [mm]', 'VARIABLE', '20.0', 232, 'TEXT', 'number of steps for field map in z', 'VARIABLE', '1', 233]
35
[63, 'UNDUTUNE', ['UNDUAPPLE', 33], 'Tuning parameters', 'MENU', 'TEXT', 'mode of XSTART of WAVE', 'VARIABLE', '-1', 234, 'COMMENT', '1: Use XELEC of UNDUMAG for XSTART (if XSTART=9999.)', 'COMMENT', '-1: Use xMapMin of UNDUMAG for XSTART (if XSTART=9999.)', 'TEXT', 'mode of XSTOP of WAVE', 'VARIABLE', '-1', 235, 'COMMENT', '1: Use XF of UNDUMAG for XSTOP (if XSTOP=9999.)', 'COMMENT', '-1: Use xMapMax of UNDUMAG for XSTOP (if XSTOP=9999.)', 'TEXT', 'x,y,z-shift for corrections of boundary singularites [mm]', 'VARIABLE', '0.001', 236, 'TEXT', 'smear x for field calculations to avoid singularties [mm]', 'VARIABLE', '0.00002', 237, 'TEXT', 'smear y [mm]', 'VARIABLE', '0.0', 238, 'TEXT', 'smear z [mm]', 'VARIABLE', '0.00005', 239, 'TEXT', 'window to for relevant magnetic items', 'VARIABLE', '1000.', 240, 'COMMENT', 'only items with x-window <= x = x+window are considered', 'TEXT', 'executable of UNDUMAG', 'VARIABLE', 'undumag.exe', 241, 'COMMENT', 'all files are expected in the sub-directory undumag', 'COMMENT', 'of the directory, where WAVE is installed.', 'TEXT', 'template for undulator setup undumag.nam', 'VARIABLE', 'undumag_nam.tmp', 242]
36
[13, 'UNDUHYBRID', ['MAGNET', 13], 'Hybrid undulator (UNDUMAG)', 'MENU', 'TEXT', 'Full gap [mm]', 'VARIABLE', '10.', 243, 'TEXT', 'Number of special magnets and poles', 'ARRAY', 0]
37
[10, 'BRECC', ['BREC', 32], 'Options', 'MENU', 'MENU', 38, 'MENU', 64, 'MENU', 65]
38
[33, 'RECERR', ['BRECC', 37], 'Field errors', 'MENU', 'TEXT', 'sigma of rel. field strength errors', 'VARIABLE', '0.0', 70, 'TEXT', 'maximum of rel. field strength errors', 'VARIABLE', '1000.0', 71, 'TEXT', 'mode of field strengths errors[0/1/2/3/4]', 'VARIABLE', '1', 253, 'COMMENT', '0:uncorrelated, 1: -B/2;+B;-B/2 scheme, 2: -B;+B scheme', 'COMMENT', '3:kick comp. by endpl. (planar IDs) 4: like 3, but kick and offset', 'TEXT', 'sigma angle error (degree)', 'VARIABLE', '0.0', 254, 'TEXT', 'maximum of accummulated angle error', 'VARIABLE', '0.0', 255]
39
[10, 'MANMAG', ['WAVE', 0], 'Handling of magnetic field data', 'MENU', 'MENU', 40, 'MENU', 41, 'MENU', 42]
40
[19, 'FOURIER', ['MANMAG', 39], 'Calculate FOURIER expansion of magnetic field', 'MENU', 'TEXT', 'Activate FOURIER expansion [0/1]', 'TOGGLE', '0', 256, 'TEXT', 'Filename to write coefficients to', 'VARIABLE', 'btab.fou', 188, 'TEXT', 'Number of coefficients to calculate', 'VARIABLE', '32', 257]
41
[50, 'WBTAB', ['MANMAG', 39], 'Write field on trajectory or straight line to file', 'MENU', 'TEXT', 'Mode [0/1/100]', 'VARIABLE', '0', 258, 'TEXT', 'Filename to write to', 'VARIABLE', 'wave_wbtab.dat', 259, 'TEXT', 'x of first point [m]', 'VARIABLE', '9999.', 260, 'COMMENT', '9999. means begin of trajectory', 'TEXT', 'x of last point [m]', 'VARIABLE', '9999.', 261, 'COMMENT', '9999. means end of trajectory', 'TEXT', 'y of first point [m]', 'VARIABLE', '0.0', 262, 'TEXT', 'z of first point [m]', 'VARIABLE', '0.0', 263, 'TEXT', 'number of points', 'VARIABLE', '9999', 264, 'COMMENT', '9999 means number of points of trajectory taken', 'TEXT', 'Epsilon for numerical differentiations [m]', 'VARIABLE', '0.1e-3', 265]
42
[39, 'WBMAP', ['MANMAG', 39], 'Write field map to file', 'MENU', 'TEXT', 'Enable/disable writing of map file', 'TOGGLE', '0', 266, 'TEXT', 'Column format (ASCII: X,Y,Z,BX,BY,BZ)', 'MAPPING', 13, 'TEXT', 'Binary format for linear interpolation with WAVE', 'MAPPING', 14, 'TEXT', 'Binary format for higher order interpolation with WAVE', 'MAPPING', 15, 'TEXT', 'Convert from column format to binary for lin. interpol.', 'MAPPING', 16, 'COMMENT', 'The grid of the input must match the grid of this menu', 'TEXT', 'Filename for map', 'VARIABLE', 'bmap.dat', 277, 'TEXT', 'Filename of input map (last option)', 'VARIABLE', 'bmap.ntup', 194, 'MENU', 43]
43
[49, 'WBOPT', ['WBMAP', 42], 'Grid of field map', 'MENU', 'TEXT', 'xmin of map [m] (9999. means begin of trajectory)', 'VARIABLE', '9999.', 278, 'TEXT', 'xmax of map [m] (9999. means begin of trajectory)', 'VARIABLE', '9999.', 279, 'TEXT', 'number of data points in x', 'VARIABLE', '-9999', 280, 'TEXT', 'ymin of map [m] (9999. means begin of trajectory)', 'VARIABLE', '-0.007', 281, 'TEXT', 'ymax of map [m] (9999. means begin of trajectory)', 'VARIABLE', '+0.007', 282, 'TEXT', 'number of data points in y', 'VARIABLE', '3', 283, 'TEXT', 'zmin of map [m] (9999. means begin of trajectory)', 'VARIABLE', '-0.03', 284, 'TEXT', 'zmax of map [m] (9999. means begin of trajectory)', 'VARIABLE', '+0.03', 285, 'TEXT', 'number of data points in z', 'VARIABLE', '31', 286]
44
[25, 'SPEC', ['WAVE', 0], 'Spectrum calculations', 'MENU', 'TEXT', 'Spectrum calc. on/off (flux, Stokes...) [0/1]', 'MAPPING', 17, 'MENU', 45, 'MENU', 46, 'MENU', 54, 'MENU', 55, 'TEXT', 'Integrate spectrum to get irradiated power', 'TOGGLE', '0', 381, 'MENU', 57, 'MENU', 58]
45
[28, 'SPECMODES', ['SPEC', 44], 'Main modes', 'SELECT', 'TEXT', 'undulator mode 1 for single electron (full)', 'MAPPING', 18, 'TEXT', 'undulator mode 1 for electrons in bunches (full)', 'MAPPING', 19, 'TEXT', 'undulator mode 2 (fast)', 'MAPPING', 20, 'TEXT', 'wiggler mode 1', 'MAPPING', 21, 'TEXT', 'wiggler mode 2', 'MAPPING', 22, 'TEXT', 'expert mode', 'MAPPING', 23]
46
[47, 'INTSPEC', ['SPEC', 44], 'Integration parameters (expert mode)', 'MENU', 'TEXT', 'Integration mode [0:5]', 'VARIABLE', '2', 310, 'TEXT', 'opening angle of radiation cone to be considered', 'VARIABLE', '9999.', 311, 'COMMENT', 'in units of 1/GAMMA; 9999. means set by WAVE', 'TEXT', 'number of integration steps per source', 'VARIABLE', '-9999', 312, 'COMMENT', '-9999. means set by WAVE', 'COMMENT', 'see also number of tracking steps in tracking menu', 'TEXT', 'begin of range in X considered for spectrum calc. [m]', 'VARIABLE', '9999.', 313, 'COMMENT', '9999. means set by WAVE', 'TEXT', 'end of range in X considered for spectrum calc. [m]', 'VARIABLE', '9999.', 314, 'COMMENT', '9999. means set by WAVE', 'MENU', 47, 'MENU', 48, 'MENU', 49, 'MENU', 50]
47
[48, 'SCHWINGER', ['INTSPEC', 46], 'Schwinger', 'MENU', 'TEXT', 'Mode [-3,-2,-1,0,1]', 'VARIABLE', '0', 315, 'COMMENT', 'expert mode in menu "Main modes"', 'TEXT', 'Field strength [T]', 'VARIABLE', '1.3', 316, 'TEXT', 'X-position of magnet [m]', 'VARIABLE', '0.0', 317, 'TEXT', 'Y-position of magnet [m]', 'VARIABLE', '0.0', 318, 'TEXT', 'Z-position of magnet [m]', 'VARIABLE', '0.0', 319, 'TEXT', 'X-comp. of velocity vector of electron at source', 'VARIABLE', '1.0', 320, 'COMMENT', 'will be normalized due to beam energy in WAVE', 'TEXT', 'Y-comp. of velocity vector of electron at source', 'VARIABLE', '0.0', 321, 'TEXT', 'Z-comp. of velocity vector of electron at source', 'VARIABLE', '0.0', 322]
48
[23, 'WBL0', ['INTSPEC', 46], 'Magnetic field cuts to define sources', 'MENU', 'TEXT', 'Minimum mag. field strength to contribute to radiation [T]', 'VARIABLE', '0.0', 323, 'TEXT', 'Hysteresis factor for cut on magnetic field strength', 'VARIABLE', '1.0', 324, 'COMMENT', 'at beginning of source WBL0CUT-->WBL0CUT/WBL0HYS', 'COMMENT', 'at end of source WBL0CUT-->WBL0CUT*WBL0HYS', 'TEXT', 'Split source where mag. field is zero [0/1]', 'TOGGLE', '0', 325]
49
[54, 'COLLI', ['INTSPEC', 46], 'Collimator to define sources', 'MENU', 'TEXT', 'X-position of first aperture [m]', 'VARIABLE', '9999.', 326, 'TEXT', 'Y-position of first aperture [m]', 'VARIABLE', '9999.', 327, 'TEXT', 'Z-position of first aperture [m]', 'VARIABLE', '9999.', 328, 'TEXT', 'Width of first apertur [m]', 'VARIABLE', '9999.', 329, 'TEXT', 'Height of first apertur [m]', 'VARIABLE', '9999.', 330, 'TEXT', 'X-position of second aperture [m]', 'VARIABLE', '9999.', 331, 'TEXT', 'Y-position of second aperture [m]', 'VARIABLE', '9999.', 332, 'TEXT', 'Z-position of second aperture [m]', 'VARIABLE', '9999.', 333, 'TEXT', 'Width of second apertur [m]', 'VARIABLE', '9999.', 334, 'TEXT', 'Height of second apertur [m]', 'VARIABLE', '9999.', 335]
50
[8, 'INTSPECC', ['INTSPEC', 46], 'Integration parameters (continuation)', 'MENU', 'MENU', 51, 'MENU', 52]
51
[41, 'ROI', ['INTSPECC', 50], 'Boundaries for regions of interest of sources', 'MENU', 'TEXT', 'Number of boundaries (i.e. number of ROI plus 1; max. 6)', 'VARIABLE', '0', 336, 'TEXT', 'X-value of 1. boundary [m]', 'VARIABLE', '0.', 337, 'TEXT', 'Relative precision of calculation in 1. ROI', 'VARIABLE', '1.', 338, 'TEXT', 'X-value of 2. boundary [m]', 'VARIABLE', '0.', 339, 'TEXT', 'Relative precision of calculation in 2. ROI', 'VARIABLE', '1.', 340, 'TEXT', 'X-value of 3. boundary [m]', 'VARIABLE', '0.', 341, 'TEXT', 'Relative precision of calculation in 3. ROI', 'VARIABLE', '1.', 342, 'MENU', 53]
52
[16, 'VELO', ['INTSPECC', 50], 'Velocity field', 'MENU', 'TEXT', 'include velocity field', 'MAPPING', 24, 'TEXT', 'no velocity field', 'MAPPING', 25, 'TEXT', 'velocity field only', 'MAPPING', 26]
53
[29, 'ROICONT', ['ROI', 51], 'Boundaries for regions of interest of sources (continuation)', 'MENU', 'TEXT', 'X-value of 4. boundary [m]', 'VARIABLE', '0.', 347, 'TEXT', 'Relative precision of calculation in 4. ROI', 'VARIABLE', '1.', 348, 'TEXT', 'X-value of 5. boundary [m]', 'VARIABLE', '0.', 349, 'TEXT', 'Relative precision of calculation in 5. ROI', 'VARIABLE', '1.', 350, 'TEXT', 'X-value of 6. boundary [m]', 'VARIABLE', '0.', 351]
54
[98, 'PINHOLE', ['SPEC', 44], 'Pinhole definition', 'MENU', 'TEXT', 'single point (X,Y,Z)', 'MAPPING', 27, 'TEXT', 'rectangular pinhole', 'MAPPING', 28, 'TEXT', 'circular pinhole', 'MAPPING', 29, 'TEXT', 'Monte-Carlo mode', 'TOGGLE', '0', 353, 'TEXT', 'full width of pinhole [m]', 'VARIABLE', '0.003', 360, 'TEXT', 'full height of pinhole [m]', 'VARIABLE', '0.003', 361, 'TEXT', 'radius of circular pinhole [m]', 'VARIABLE', '-9999.', 362, 'TEXT', 'Number of horizontal grid points in pinhole', 'VARIABLE', '21', 363, 'TEXT', 'Number of vertical grid points in pinhole', 'VARIABLE', '21', 364, 'TEXT', 'X of pinhole center [m]', 'VARIABLE', '10.', 365, 'TEXT', 'Y of pinhole center [m]', 'VARIABLE', '9999.', 366, 'TEXT', 'Z of pinhole center [m]', 'VARIABLE', '9999.', 367, 'TEXT', 'use radial grid internally', 'TOGGLE', '0', 368, 'TEXT', 'number of interally used radial grid points', 'VARIABLE', '0', 369, 'TEXT', 'number of azimuthal grid points', 'VARIABLE', '16', 370, 'TEXT', 'assume 4-fold symmetry for virtual pinhole', 'VARIABLE', '0', 371, 'COMMENT', 'use with care, especially for Stokes vectors', 'TEXT', 'X of single point [m]', 'VARIABLE', '-9999.', 372, 'TEXT', 'Y of single point [m]', 'VARIABLE', '0.0', 373, 'TEXT', 'Z of single point [m]', 'VARIABLE', '0.0', 374]
55
[26, 'FREQ', ['SPEC', 44], 'Spectral range', 'MENU', 'TEXT', 'Mode [1/2/3]', 'VARIABLE', '3', 375, 'COMMENT', '1:only lowest energy | 2:E(n)=2*E(n-1) | 3: E(n)=E(n-1)+dE', 'TEXT', 'Lowest photon energy [eV]', 'VARIABLE', '105.', 376, 'TEXT', 'Highest photon energy [eV]', 'VARIABLE', '117.', 377, 'TEXT', 'Number of photon energies', 'VARIABLE', '13', 378]
56
[39, 'PHRMENU', ['MAGNET', 13], 'Settings for undulator mode 2', 'MENU', 'TEXT', 'K-parameter of undulator', 'VARIABLE', '0.', 181, 'TEXT', 'Vertical peak field [T]', 'VARIABLE', '0.353553390593', 182, 'TEXT', 'Horizontal peak field [T]', 'VARIABLE', '0.353553390593', 183, 'TEXT', 'Number of periods', 'VARIABLE', '31.', 184, 'TEXT', 'Period length [m]', 'VARIABLE', '0.056', 185, 'TEXT', 'Number of considered  harmonic to adjust K', 'VARIABLE', '0', 186, 'TEXT', 'Energy of considered harmonic', 'VARIABLE', '1000.', 187]
57
[92, 'EMIT', ['SPEC', 44], 'Beam emittance and energy-spread', 'MENU', 'TEXT', 'Activate/deactivate folding procedure for the emittance', 'MAPPING', 30, 'COMMENT', 'not compatible with multi-particle beam, except for undulator mode 2', 'TEXT', 'Activate/deactivate folding procedure for the energy-spread', 'MAPPING', 31, 'COMMENT', 'not compatible with multi-particle beam, except for undulator mode 2', 'TEXT', 'Multi particle beam on/off (for undulator mode 2, check HELP)', 'MAPPING', 32, 'TEXT', 'horizontal beam size [m]', 'VARIABLE', '275.e-6', 385, 'TEXT', 'horizontal beam size divergence [rad]', 'VARIABLE', '28.1e-6', 386, 'TEXT', 'number of sigmas to be taken into account', 'VARIABLE', '3.', 387, 'TEXT', 'vertical beam size [m]', 'VARIABLE', '22.5e-6', 388, 'TEXT', 'vertical beam size divergence [rad]', 'VARIABLE', '6.80e-6', 389, 'TEXT', 'number of sigmas to be taken into account', 'VARIABLE', '3.', 390, 'TEXT', 'rel. beam energy-spread', 'VARIABLE', '0.001', 12, 'TEXT', 'number of sigmas to be taken into account', 'VARIABLE', '3', 391, 'TEXT', 'Number of bunches (bunches are treated incoherently)', 'VARIABLE', '1', 392, 'TEXT', 'Number of particles per bunch (treated coherently)', 'VARIABLE', '1', 393, 'TEXT', 'Bunchlength [m]', 'VARIABLE', '1000.0d-9', 394, 'TEXT', 'Mode of phase space distribution [-1,-2,0,2,3,4]', 'VARIABLE', '0', 395, 'TEXT', 'Charge per bunch [C]', 'VARIABLE', '-9999.', 396, 'TEXT', 'Number of electrons to write to file wave_phasespace_bunch.dat', 'VARIABLE', '0', 397, 'COMMENT', 'gamma,xbunch,x,y,z,dpy/p,dpz/p']
58
[16, 'SPECCONT', ['SPEC', 44], 'Spectrum calculations (continuation)', 'MENU', 'MENU', 59, 'MENU', 60, 'MENU', 61, 'MENU', 62, 'MENU', 63, 'MENU', 69]
59
[24, 'SPECWRITE', ['SPECCONT', 58], 'Write spectrum calculations to ASCII-files', 'MENU', 'TEXT', 'Write spectrum calculations to file', 'TOGGLE', '0', 398, 'TEXT', 'filename', 'VARIABLE', 'wave.sp0', 399, 'TEXT', 'Write calculations of Stokes vectors to file', 'TOGGLE', '0', 400, 'TEXT', 'filename', 'VARIABLE', 'wave_stokes.dat', 401]
60
[24, 'SPECWRITEF', ['SPECCONT', 58], 'Write spectrum calculations with emittance to ASCII-files', 'MENU', 'TEXT', 'Write spectrum calculations (with emittance) to file', 'TOGGLE', '0', 402, 'TEXT', 'filename', 'VARIABLE', 'wave_specf.dat', 403, 'TEXT', 'Write calculations of Stokes vectors (with emittance) to file', 'TOGGLE', '0', 404, 'TEXT', 'filename', 'VARIABLE', 'wave_stokesf.dat', 405]
61
[14, 'SPECPOW', ['SPECCONT', 58], 'Write power calculations to ASCII-files', 'MENU', 'TEXT', 'Write power calculations to ASCII-files [mm, W/mm^2]', 'TOGGLE', '0', 406, 'TEXT', 'filename', 'VARIABLE', 'wave.pow', 407]
62
[25, 'RAYPHASE', ['SPECCONT', 58], 'Interfaces to RAY and PHASE', 'MENU', 'TEXT', 'Write file for program RAY', 'TOGGLE', '0', 408, 'TEXT', 'File name for RAY', 'VARIABLE', 'wave_ray.dat', 409, 'TEXT', 'Write files for program PHASE', 'BONDING', 33, 'TEXT', 'File name for to store amplitudes for WAVE!!', 'VARIABLE', 'reaima.dat', 412, 'COMMENT', 'Files for PHASE are named eyre*.dat, eyim*.dat, ezre*.dat, ezim*.dat, ey2*.dat!']
63
[48, 'FILTER', ['SPECCONT', 58], 'Filter options and radiation dose calculation', 'MENU', 'TEXT', 'Apply filter to spectrum [0/1]', 'TOGGLE', '0', 417, 'TEXT', 'File name of absorption coefficents', 'VARIABLE', 'sigma_tot.pb', 418, 'TEXT', 'Thickness of filter [m]', 'VARIABLE', '0.002', 419, 'TEXT', 'Apply yield factors to spectrum', 'BONDING', 34, 'TEXT', 'File name of yield table', 'VARIABLE', 'gold.eff', 422, 'TEXT', 'Apply polarisation filter', 'TOGGLE', '0', 423, 'TEXT', 'Horizontal component (complex)', 'VARIABLE', '(-1.,0.)', 424, 'TEXT', 'Vertical component (complex)', 'VARIABLE', '(0.,0.)', 425, 'TEXT', 'Calculate radiation dose [0/1]', 'TOGGLE', '0', 426]
64
[19, 'TAPER', ['BRECC', 37], 'Taper', 'MENU', 'TEXT', 'taper (dy/dx of half gap)', 'VARIABLE', '0.', 427, 'TEXT', 'apply vertical taper function', 'TOGGLE', '0', 73, 'TEXT', 'apply vertical taper function', 'TOGGLE', '0', 74]
65
[25, 'RECPLOT', ['BRECC', 37], 'Plotting options', 'MENU', 'TEXT', 'plot rec-structure [0/1]', 'VARIABLE', '1', 75, 'COMMENT', 'statically linked version of WAVE might crash for 1', 'TEXT', 'start of plotting range in X [mm]', 'VARIABLE', '9999.', 76, 'COMMENT', '9999. means autoscaling', 'TEXT', 'end of plotting range in X [mm]', 'VARIABLE', '9999.', 77, 'COMMENT', '9999. means autoscaling']
66
[62, 'HISTO', ['WAVE', 0], 'Histograms', 'MENU', 'TEXT', 'Filename of histogram file', 'VARIABLE', 'wave_histo.his', 428, 'TEXT', 'Trajectory (Ntuple) [0/1]', 'BONDING', 35, 'TEXT', 'spacing of points taken for trajectory NTuple', 'VARIABLE', '1', 431, 'TEXT', 'Source of syncrotron radiation [0/1]', 'BONDING', 36, 'TEXT', 'Histograms of optical functions', 'TOGGLE', '1', 434, 'COMMENT', 'Machine physics menu for optical functions must be active', 'TEXT', 'Histograms of spectral flux [0/1]', 'VARIABLE', '1', 435, 'TEXT', 'Histograms of flux distributions in pinhole [0/n]', 'BONDING', 37, 'TEXT', 'Histograms of emittance folding functions [0/1]', 'TOGGLE', '1', 438, 'TEXT', 'ASCII-Files of histograms', 'VARIABLE', '0', 439, 'COMMENT', 'see HELP for details', 'TEXT', 'Get histograms for root [-1: root only, 1: root and PAW]', 'VARIABLE', '0', 440, 'TEXT', 'Convert root file wave.root to HDF5 - Format (wave.h5)', 'TOGGLE', '0', 441, 'COMMENT', 'roottohdf5_main.exe must be in search path']
67
[12, 'MACHINE', ['WAVE', 0], 'Machine physics', 'MENU', 'MENU', 70, 'MENU', 72, 'MENU', 73, 'MENU', 78]
68
[19, 'UFACE', ['WAVE', 0], 'User interfaces', 'MENU', 'TEXT', 'User initialization routine UNAME to be called', 'TOGGLE', '0', 442, 'TEXT', 'User routine USTEP to be called', 'TOGGLE', '0', 443, 'TEXT', 'User output routine UOUT to be called', 'TOGGLE', '0', 444]
69
[90, 'PHASE', ['SPECCONT', 58], 'Field amplitude propagation', 'MENU', 'TEXT', 'Mode [-1,0,1]', 'VARIABLE', '0', 445, 'COMMENT', '-1/1:Activate propagation, -1: use spline interpolation;', 'TEXT', 'X of source plan center (m)', 'VARIABLE', '0.0', 446, 'TEXT', 'Y of source plan center (m)', 'VARIABLE', '0.0', 447, 'TEXT', 'Z of source plan center (m)', 'VARIABLE', '0.0', 448, 'TEXT', 'Full width of source plan (m)', 'VARIABLE', '-9999.', 449, 'COMMENT', '-9999.: Estimated from device length and photon energy', 'TEXT', 'Full height of source plan (m)', 'VARIABLE', '-9999.', 450, 'COMMENT', '-9999.: Estimated from device length and photon energy', 'TEXT', 'Number of horizontal mesh points', 'VARIABLE', '51', 451, 'TEXT', 'Number of vertical mesh points', 'VARIABLE', '51', 452, 'TEXT', 'Total number of horizontal mesh points (for emittance folding)', 'VARIABLE', '-9999', 453, 'COMMENT', '-9999.:  According to width of folding Gaussian DSIGZ(1)', 'TEXT', 'Total number of vertical mesh points (for emittance folding)', 'VARIABLE', '-9999', 454, 'COMMENT', '-9999.:  According to width of folding Gaussian DSIGY(1)', 'TEXT', 'Take emittance effects into account', 'VARIABLE', '1', 455, 'COMMENT', '-1/0/1: lin. integr. / no emittance effects / higher order integr.', 'TEXT', 'Hori. beta-function (m)', 'VARIABLE', '-9999.', 456, 'COMMENT', '-9999: Calculated by option IEMIT=1', 'TEXT', 'Vert. beta-function (m)', 'VARIABLE', '-9999.', 457, 'COMMENT', '-9999: Calculated by option IEMIT=1', 'TEXT', 'Get histograms of integrated phasespace', 'TOGGLE', '0', 458]
70
[80, 'OPTFUN', ['MACHINE', 67], 'Magnet-optical functions and radiation integrals', 'MENU', 'TEXT', 'Calculation of magnet optics on/off', 'MAPPING', 38, 'COMMENT', 'only in "export mode" in "spectrum calculations/ main modes"', 'TEXT', 'Hori. beta-function in the center of the device  [m]', 'VARIABLE', '0.0', 460, 'COMMENT', 'if zero, it is calculated from values at beginning of the device', 'COMMENT', 'if -9999., hori. beta function is calculated as period solution', 'TEXT', 'Hor. beta-function at the entrance of the device', 'VARIABLE', '9999.', 6, 'COMMENT', 'if 9999., it is calculated from parabolic ansatz and value in the center', 'COMMENT', 'if -9999., it is calculated analytically from value in the center', 'TEXT', 'Derivative of hori. beta-function at the entrance of the device', 'VARIABLE', '9999.', 7, 'COMMENT', 'if 9999., it is calculated from parabolic ansatz and value in the center', 'COMMENT', 'if -9999., it is calculated analytically from value in the center', 'TEXT', 'Vert. beta-function in the center of the device  [m]', 'VARIABLE', '0.0', 461, 'COMMENT', 'if zero, it is calculated from values at beginning of the device', 'COMMENT', 'if -9999., vert. beta function is calculated as period solution', 'TEXT', 'Vert. beta-function at the entrance of the device', 'VARIABLE', '9999.', 8, 'COMMENT', 'if 9999., it is calculated from parabolic ansatz and value in the center', 'COMMENT', 'if -9999., it is calculated analytically from value in the center', 'TEXT', 'Derivative of vert. beta-function at the entrance of the device', 'VARIABLE', '9999.', 9, 'COMMENT', 'if 9999., it is calculated from parabolic ansatz and value in the center', 'COMMENT', 'if -9999., it is calculated analytically from value in the center', 'TEXT', 'Natural emittance of the storage ring [rad-m]', 'VARIABLE', '7.70e-9', 10, 'COMMENT', 'If zero, it is calculated from the beam dimensions', 'TEXT', 'Vertical emittance of the storage ring [rad-m]', 'VARIABLE', '15.4e-11', 11, 'COMMENT', 'If zero, it is calculated from the beam dimensions', 'MENU', 71]
71
[44, 'RING', ['OPTFUN', 70], 'Other parameters of the storage ring', 'MENU', 'TEXT', 'Dipole radius [m]', 'VARIABLE', '4.359', 462, 'TEXT', 'Circumference of the storage ring [m]', 'VARIABLE', '240.', 13, 'TEXT', 'Critical beam polarisation time [h]', 'VARIABLE', '4.0', 463, 'TEXT', 'External dispersion [m]', 'VARIABLE', '0.0', 464, 'TEXT', 'Derivative of external dispersion [m]', 'VARIABLE', '0.0', 465, 'TEXT', 'Radiation integral I2 of storage the ring', 'VARIABLE', '1.4414', 466, 'TEXT', 'Radiation integral I4 of storage the ring', 'VARIABLE', '0.0', 467, 'TEXT', 'Radiation integral I5 of storage the ring', 'VARIABLE', '0.0020588', 468]
72
[29, 'TRALIN', ['MACHINE', 67], 'Linear Transfer Matrix', 'MENU', 'TEXT', 'horizontal coordinate [m]', 'VARIABLE', '0.0', 469, 'TEXT', 'horizontal slope [rad]', 'VARIABLE', '0.0', 470, 'TEXT', 'vertical coordinate [m]', 'VARIABLE', '0.0', 471, 'TEXT', 'vertical slope [rad]', 'VARIABLE', '0.0', 472, 'TEXT', 'Rel. energy deviation', 'VARIABLE', '0.0', 473]
73
[23, 'OPTI', ['MACHINE', 67], 'Track particles for fitting the Generating Function', 'MENU', 'TEXT', 'Activate the tracking and writing to file [0/1]', 'MAPPING', 39, 'COMMENT', 'only in "export mode" in "spectrum calculations/ main modes"', 'TEXT', 'Filename to write trajectories to', 'VARIABLE', 'wave_optic.dat', 477, 'MENU', 74, 'MENU', 75, 'MENU', 76, 'MENU', 77]
74
[44, 'OPTIMASH', ['OPTI', 73], 'Mash for tracking to fit Generating Function', 'MENU', 'TEXT', 'Half number of mash points in z', 'VARIABLE', '8', 478, 'TEXT', 'Mash size in z', 'VARIABLE', '9999.', 479, 'TEXT', 'Half number of mash points in y', 'VARIABLE', '8', 480, 'TEXT', 'Mash size in Y', 'VARIABLE', '9999.', 481, 'TEXT', 'Half number of mash points in zp', 'VARIABLE', '8', 482, 'TEXT', 'Mash size in z-slope', 'VARIABLE', '9999.', 483, 'TEXT', 'Half number of mash points in yp', 'VARIABLE', '8', 484, 'TEXT', 'Mash size in y-slope', 'VARIABLE', '9999.', 485]
75
[21, 'OPTIAPER', ['OPTI', 73], 'Aperture for fitting the Generating Function', 'MENU', 'TEXT', 'Half width of aperture [m]', 'VARIABLE', '0.03', 486, 'TEXT', 'Half height of aperture [m]', 'VARIABLE', '0.0075', 487, 'TEXT', 'Considered length for phase space cuts due to aperture [m]', 'VARIABLE', '5.8', 488, 'COMMENT', '9999. means length of device']
76
[38, 'INPLANE', ['OPTI', 73], 'Entrance plane of device', 'MENU', 'TEXT', 'X of point in entrance plane of device [m]', 'VARIABLE', '9999.', 489, 'COMMENT', '9999. means (X,Y,Z) are taken from reference orbit', 'TEXT', 'Y of point in entrance plane of device [m]', 'VARIABLE', '0.', 490, 'TEXT', 'Z of point in entrance plane of device [m]', 'VARIABLE', '0.', 491, 'TEXT', 'X-component of normal vector of entrance plane', 'VARIABLE', '9999.', 492, 'COMMENT', '9999. means (X,Y,Z) are taken from reference orbit', 'TEXT', 'Y-component of normal vector of entrance plane', 'VARIABLE', '0.0', 493, 'TEXT', 'Z-component of normal vector of entrance plane', 'VARIABLE', '0.0', 494]
77
[38, 'OUTPLANE', ['OPTI', 73], 'Exit plane of device', 'MENU', 'TEXT', 'X of point in exit plane of device [m]', 'VARIABLE', '9999.', 495, 'COMMENT', '9999. means (X,Y,Z) are taken from reference orbit', 'TEXT', 'Y of point in exit plane of device [m]', 'VARIABLE', '0.', 496, 'TEXT', 'Z of point in exit plane of device [m]', 'VARIABLE', '0.', 497, 'TEXT', 'X-component of normal vector of end plane', 'VARIABLE', '9999.', 498, 'COMMENT', '9999. means (X,Y,Z) are taken from reference orbit', 'TEXT', 'Y-component of normal vector of end plane', 'VARIABLE', '0.0', 499, 'TEXT', 'Z-component of normal vector of end plane', 'VARIABLE', '0.0', 500]
78
[48, 'GENFUN', ['MACHINE', 67], 'Fitting the Generating Function', 'MENU', 'TEXT', 'Activate the fitting [0/1]', 'TOGGLE', '0', 501, 'COMMENT', 'only in "export mode" in "spectrum calculations/ main modes"', 'TEXT', 'Filename to read trajectories from', 'VARIABLE', 'wave_optic.dat', 477, 'TEXT', 'Each nth of the tracks is printed', 'VARIABLE', '51', 502, 'TEXT', 'Print coefficients to wave.out [0/1]', 'TOGGLE', '1', 503, 'TEXT', 'Calculate equivalent HALBACH device [0/1]', 'TOGGLE', '0', 504, 'TEXT', 'Number of periods of equivalent HALBACH device', 'VARIABLE', '78', 505, 'TEXT', 'Calculate quadrupole matrix [0/1]', 'TOGGLE', '1', 506, 'TEXT', 'Assumed symmetric device with respect to orbit plane [0/1]', 'TOGGLE', '0', 507, 'MENU', 79]
