0: CODE, WAVE.EXAMPLE, C, WAVE.EXAMPLE, WAVE.EXAMPLE, 0, -1, 6
1: ICHARGE, -1, I, -1, -1, 0, -1, 1257
2: DMYENERGY, 1.722, R, 1.722, 1.722, 0, -1, 168
3: IENELOSS, 1, I, 1, 1, 0, -1, 170
4: DMYCUR, 0.1, R, 0.1, 0.1, 0, -1, 181
5: XBETFUN, 9999., R, 9999., 9999., 0, -1, 1741
6: BETAH, 9999., R, 9999., 9999., 0, -1, 1751
7: BETAPH, 9999., R, 9999., 9999., 0, -1, 1759
8: BETAV, 9999., R, 9999., 9999., 0, -1, 1774
9: BETAPV, 9999., R, 9999., 9999., 0, -1, 1781
10: EPS0H, 7.70e-9, R, 7.70e-9, 7.70e-9, 0, -1, 1767
11: EPS0V, 15.4e-11, R, 15.4e-11, 15.4e-11, 0, -1, 1789
12: ESPREAD, 0.001, R, 0.001, 0.001, 0, -1, 2395
13: UMFANG, 240., R, 240., 240., 0, -1, 1687
14: XSTART, 9999., R, 9999., 9999., 0, -1, 183
15: YSTART, 0.0, R, 0.0, 0.0, 0, -1, 198
16: ZSTART, 0.0, R, 0.0, 0.0, 0, -1, 199
17: XSTOP, 9999., R, 9999., 9999., 0, -1, 195
18: VXIN, 1.0, R, 1.0, 1.0, 0, -1, 201
19: VYIN, 0.0, R, 0.0, 0.0, 0, -1, 202
20: VZIN, 0.0, R, 0.0, 0.0, 0, -1, 203
21: XINTER, -9999., R, -9999., -9999., 0, -1, 187
22: MYINUM, 5000, I, 5000, 5000, 0, -1, 163
23: KBFELD, 0, I, 0, 0, 0, -1, 257
24: KMAGSEQ, 0, I, 0, 0, 0, -1, 266
25: KHALBA, 0, I, 0, 0, 0, -1, 391
26: KUNDUGAP, 0, I, 0, 0, 0, -1, 400
27: KHALBASY, 0, I, 0, 0, 0, -1, 396
28: KELLIP, 1, I, 1, 1, 0, -1, 410
29: IRBTAB, 0, I, 0, 0, 0, -1, 442
30: IRBTABZY, 0, I, 0, 0, 0, -1, 464
31: IRFILF, 0, I, 0, 0, 0, -1, 488
32: IRBMAP2, 0, I, 0, 0, 0, -1, 3768
33: KBREC, 0, I, 0, 0, 0, -1, 415
34: KAPPLEM, 0, I, 1, 1, 0, -1, -1
35: KBUNDUMAG, 0, I, 0, 0, 0, -1, 419
36: KAPPLE, 0, I, 0, 0, 0, -1, 3822
37: KHYBRID, 0, I, 0, 0, 0, -1, 3823
38: KHYBRIDM, 0, I, 1, 1, 0, -1, -1
39: KUNDUWAM, 0, I, 1, 1, 0, -1, -1
40: UEDEACT, 0, I, 1, 1, 0, -1, -1
41: IUE112MOD, 1, I, 1, 1, 0, -1, 3800
42: NUE112MOD, 0, I, 0, 0, 0, -1, 3801
43: UE112S3, 0, I, 1, 1, 0, -1, -1
44: IUE56, 0, I, 0, 0, 0, -1, 3803
45: IUE46, 0, I, 0, 0, 0, -1, 3802
46: IUE112, 0, I, 0, 0, 0, -1, 3804
47: KBPOLYMAG, 0, I, 0, 0, 0, -1, 436
48: BSCALEPM, 1., R, 1., 1., 0, -1, 3161
49: WINPM, 1.0, R, 1.0, 1.0, 0, -1, 3162
50: RANGPM, 0.5, R, 0.5, 0.5, 0, -1, 3163
51: FILEPM, polymag.in, C, polymag.in, polymag.in, 0, -1, 3175
52: SHUL, -1.0, R, -1.0, -1.0, 0, -1, 3786
53: SHLR, +1.0, R, +1.0, +1.0, 0, -1, 3785
54: SHUR, 0.0, R, 0.0, 0.0, 0, -1, 3787
55: SHLL, 0.0, R, 0.0, 0.0, 0, -1, 3784
56: UE112S2P, 0, I, 1, 1, 0, -1, -1
57: UE112S2N, 0, I, 1, 1, 0, -1, -1
58: GAPPM, 20., R, 20., 20., 0, -1, 3173
59: UE112SH, 0., R, 0., 0., 0, -1, 3782
60: UE46S2, 0, I, 1, 1, 0, -1, -1
61: SCALKL, 0., R, 0., 0., 0, -1, 2762
62: SCALADD, 0., R, 0., 0., 0, -1, 2761
63: FILEREC, rec.par, C, rec.par, rec.par, 0, -1, 1988
64: IRECU, 0, I, 0, 0, 0, -1, 2800
65: IRECMODU, 0, I, 0, 0, 0, -1, 2782
66: KBRECM, 0, I, 0, 0, 0, 0, -1
67: UE46S3, 0, I, 1, 1, 0, -1, -1
68: RECGAP, 7.5, R, 7.5, 7.5, 0, -1, 2777
69: USHIFT, 0.0, R, 0.0, 0.0, 0, -1, 2778
70: BCRAN, 0.0, R, 0.0, 0.0, 0, -1, 2734
71: BCRANSIG, 1000.0, R, 1000.0, 1000.0, 0, -1, 2738
72: IUNDU2, 0, I, 0, 0, 0, -1, 3828
73: IHTAPER, 0, I, 0, 0, 0, -1, 2784
74: IVTAPER, 0, I, 0, 0, 0, -1, 2792
75: IPLREC, 1, I, 1, 1, 0, -1, 2764
76: RPLXMN, 9999., R, 9999., 9999., 0, -1, 2766
77: RPLXMX, 9999., R, 9999., 9999., 0, -1, 2767
78: UE56CHIC, 0, I, 1, 1, 0, -1, -1
79: IRFILB0, 0, I, 0, 0, 0, -1, 472
80: TROTCHIC0, 0., R, 0., 0., 0, -1, 3770
81: TROTMODU0, 0., R, 0., 0., 0, -1, 3772
82: TROT, 86.76, R, 86.76, 86.76, 0, -1, 3775
83: TROTEND, 90., R, 90., 90., 0, -1, 3776
84: BCMOD(1), 1.22877642516581265e+00, R, 1.22877642516581265e+00, 1.22877642516581265e+00, 0, -1, 2958
85: BCMOD(2), 1.22877642516581265e+00, R, 1.22877642516581265e+00, 1.22877642516581265e+00, 0, -1, 2959
86: BCMOD(15), 1.22877642516581265e+00, R, 1.22877642516581265e+00, 1.22877642516581265e+00, 0, -1, 2974
87: UE56MODU, 0, I, 1, 1, 0, -1, -1
88: SCALMOD, 1., R, 1., 1., 0, -1, 2863
89: BYGOFF, 0.0, R, 0.0, 0.0, 0, -1, 1293
90: BZGOFF, 0.0, R, 0.0, 0.0, 0, -1, 1295
91: B0SCGLOB, 1.0, R, 1.0, 1.0, 0, -1, 1299
92: A0SCGLOB, 1.0, R, 1.0, 1.0, 0, -1, 1297
93: B0SCGLOBY, 1.0, R, 1.0, 1.0, 0, -1, 1304
94: B0SCGLOBZ, 1.0, R, 1.0, 1.0, 0, -1, 1308
95: IBSYM, 0, I, 0, 0, 0, -1, 634
96: XBSYM, 0.0, R, 0.0, 0.0, 0, -1, 640
97: IBSYMY, 0, I, 0, 0, 0, -1, 644
98: IBSYMZ, 0, I, 0, 0, 0, -1, 650
99: IMAGSPNM, 0, I, 1, 1, 0, -1, -1
100: IMAGSPLN, 0, I, 0, 0, 0, -1, 732
101: IBMASK, 0, I, 0, 0, 0, -1, 1261
102: XSHIFT, 0.0, R, 0.0, 0.0, 0, -1, 1310
103: VSHIFT, 0.0, R, 0.0, 0.0, 0, -1, 1325
104: HSHIFT, 0.0, R, 0.0, 0.0, 0, -1, 1324
105: XROTD, 0.0, R, 0.0, 0.0, 0, -1, 1327
106: IBERROR, 0, I, 0, 0, 0, -1, 252
107: B0ERROR, 0., R, 0., 0., 0, -1, 3669
108: NBERRMOD, 0, I, 0, 0, 0, -1, 3674
109: ZLENERR, 0.032, R, 0.032, 0.032, 0, -1, 3688
110: XLENERR, 0., R, 0., 0., 0, -1, 3683
111: IPERIODG, 0, I, 0, 0, 0, -1, 1334
112: XPERWMN, 0., R, 0., 0., 0, -1, 1364
113: XPERWMX, 0., R, 0., 0., 0, -1, 1366
114: PERIODG, 0.8, R, 0.8, 0.8, 0, -1, 1368
115: PEROFFG, -0.4, R, -0.4, -0.4, 0, -1, 1369
116: IBFORCEM, 0, I, 1, 1, 0, -1, -1
117: IBFORCE, 0, I, 0, 0, 0, -1, 534
118: IUNDULATOR, 1, I, 1, 1, 0, -1, 15
119: ISPEC, 1, I, 1, 1, 0, -1, 705
120: BFCENX, 0.0, R, 0.0, 0.0, 0, -1, 3355
121: BFCENY, 0.0, R, 0.0, 0.0, 0, -1, 3356
122: BFCENZ, 0.0, R, 0.0, 0.0, 0, -1, 3357
123: BFLENX, 1., R, 1., 1., 0, -1, 3359
124: BFLENY, 1., R, 1., 1., 0, -1, 3360
125: BFLENZ, 1., R, 1., 1., 0, -1, 3361
126: NBFORCX, 1, I, 1, 1, 0, -1, 3367
127: NBFORCY, 1, I, 1, 1, 0, -1, 3368
128: NBFORCZ, 1, I, 1, 1, 0, -1, 3369
129: BBY1, 1., R, 1., 1., 0, -1, 1408
130: XM1, -1., R, -1., -1., 0, -1, 1406
131: XP1, +1., R, +1., +1., 0, -1, 1407
132: YSOFT1(1), 0.1, R, 0.1, 0.1, 0, -1, 1409
133: YSOFT1(2), 0.1, R, 0.1, 0.1, 0, -1, 1410
134: BBY2, 1., R, 1., 1., 0, -1, 1414
135: XM2, 2., R, 2., 2., 0, -1, 1412
136: XP2, 3., R, 3., 3., 0, -1, 1413
137: YSOFT2(1), 0.0000, R, 0.0000, 0.0000, 0, -1, 1415
138: YSOFT2(2), 0.0000, R, 0.0000, 0.0000, 0, -1, 1416
139: BBY3, 1., R, 1., 1., 0, -1, 1420
140: XM3, 4., R, 4., 4., 0, -1, 1418
141: XP3, 5., R, 5., 5., 0, -1, 1419
142: YSOFT3(1), 0.0000, R, 0.0000, 0.0000, 0, -1, 1421
143: YSOFT3(2), 0.0000, R, 0.0000, 0.0000, 0, -1, 1422
144: BBY4, 1., R, 1., 1., 0, -1, 1426
145: XM4, 6., R, 6., 6., 0, -1, 1424
146: XP4, 7., R, 7., 7., 0, -1, 1425
147: YSOFT4(1), 0.0000, R, 0.0000, 0.0000, 0, -1, 1427
148: YSOFT4(2), 0.0000, R, 0.0000, 0.0000, 0, -1, 1428
149: BBY5, 1., R, 1., 1., 0, -1, 1432
150: XM5, 8., R, 8., 8., 0, -1, 1430
151: XP5, 9., R, 9., 9., 0, -1, 1431
152: YSOFT5(1), 0.0000, R, 0.0000, 0.0000, 0, -1, 1433
153: YSOFT5(2), 0.0000, R, 0.0000, 0.0000, 0, -1, 1434
154: BBY6, 1., R, 1., 1., 0, -1, 1438
155: XM6, 10., R, 10., 10., 0, -1, 1436
156: XP6, 11., R, 11., 11., 0, -1, 1437
157: YSOFT6(1), 0.0000, R, 0.0000, 0.0000, 0, -1, 1439
158: YSOFT6(2), 0.0000, R, 0.0000, 0.0000, 0, -1, 1440
159: FILEMG, magseq.in, C, magseq.in, magseq.in, 0, -1, 1924
160: B0HALBA, 0.5, R, 0.5, 0.5, 0, -1, 1456
161: PERHAL, 50., R, 50., 50., 0, -1, 1463
162: ZLHALBA, 0.05, R, 0.05, 0.05, 0, -1, 1461
163: XLHALBA, 0.0, R, 0.0, 0.0, 0, -1, 1458
164: UNDUFULLGAP, 0.0055, R, 0.0055, 0.0055, 0, -1, 1525
165: UNDUGAPPOL, 161., R, 161., 161., 0, -1, 1533
166: ZLUNDUGAP, 0.017, R, 0.017, 0.017, 0, -1, 1531
167: XLUNDUGAP, 0., R, 0., 0., 0, -1, 1527
168: XCENUNDUGAP, 0.0, R, 0.0, 0.0, 0, -1, 1535
169: UNDUGAPA, 3.598, R, 3.598, 3.598, 0, -1, 1555
170: UNDUGAPB, -3.840, R, -3.840, -3.840, 0, -1, 1556
171: UNDUGAPC, 0.6311, R, 0.6311, 0.6311, 0, -1, 1557
172: PKHALBASY, 0., R, 0., 0., 0, -1, 1489
173: B0HALBASY, 2., R, 2., 2., 0, -1, 1488
174: AHWPOL, 21., R, 21., 21., 0, -1, 1502
175: FASYM, 2.0, R, 2.0, 2.0, 0, -1, 1495
176: ZLHALBASY, 0.2, R, 0.2, 0.2, 0, -1, 1494
177: XLHALBASY, 0., R, 0., 0., 0, -1, 1491
178: XCENHAL, 0.0, R, 0.0, 0.0, 0, -1, 1514
179: NHHALBASY, 0, I, 0, 0, 0, -1, 1507
180: HHALBASY, 1000., R, 1000., 1000., 0, -1, 1510
181: PARKELL, 0., R, 0., 0., 0, -1, 1591
182: B0ELLIPV, 0.353553390593, R, 0.353553390593, 0.353553390593, 0, -1, 1595
183: B0ELLIPH, 0.353553390593, R, 0.353553390593, 0.353553390593, 0, -1, 1596
184: PERELLIP, 31., R, 31., 31., 0, -1, 1599
185: XLELLIP, 0.056, R, 0.056, 0.056, 0, -1, 1598
186: NHARMELL, 0, I, 0, 0, 0, -1, 1602
187: HARMELL, 1000., R, 1000., 1000., 0, -1, 1607
188: FILEF, btab.fou, C, btab.fou, btab.fou, 0, -1, 1879
189: NFOUR, -9999, I, -9999, -9999, 0, -1, 1647
190: IFOUR0, 0, I, 0, 0, 0, -1, 1650
191: XLENFOUR, 0.0, R, 0.0, 0.0, 0, -1, 1653
192: FILETB, btab.dat, C, btab.dat, btab.dat, 0, -1, 1882
193: FILETBZ, bz.dat, C, bz.dat, bz.dat, 0, -1, 1885
194: FILEB0, bmap.ntup, C, bmap.ntup, bmap.ntup, 0, -1, 1899
195: SHIFTUL, 0., R, 0., 0., 0, -1, 3170
196: SHIFTLR, 0., R, 0., 0., 0, -1, 3169
197: SHIFTUR, 0., R, 0., 0., 0, -1, 3171
198: SHIFTLL, 0., R, 0., 0., 0, -1, 3168
199: URECLX(1), 14., R, 14., 14., 0, -1, 2818
200: URECLY(1), 40., R, 40., 40., 0, -1, 2819
201: URECLZ(1), 40., R, 40., 40., 0, -1, 2820
202: KRECPER(1), 30, I, 30, 30, 0, -1, 2816
203: URECGAP(1), 11.6, R, 11.6, 11.6, 0, -1, 2821
204: URECBC(1), 1.22, R, 1.22, 1.22, 0, -1, 2825
205: IUHELI(1), 1, I, 1, 1, 0, -1, 2837
206: URSPLIT(1), 0.8, R, 0.8, 0.8, 0, -1, 2840
207: URSHIFT(1), 10., R, 10., 10., 0, -1, 2841
208: URSHADD(1), 0., R, 0., 0., 0, -1, 2844
209: NUNDUPER, 7, I, 7, 7, 0, -1, 3091
210: UNDUGAP, 10., R, 10., 10., 0, -1, 3095
211: UMAGLX, 14., R, 14., 14., 0, -1, 3121
212: UMAGLY, 40., R, 40., 40., 0, -1, 3122
213: UMAGLZ, 40., R, 40., 40., 0, -1, 3123
214: US2SHIFT, 0., R, 0., 0., 0, -1, 3097
215: US3SHIFT, 10., R, 10., 10., 0, -1, 3098
216: UCOATING, 0.014, R, 0.014, 0.014, 0, -1, 3127
217: UMAGBC, 1.62, R, 1.62, 1.62, 0, -1, 3129
218: UMUPAR, 1.03, R, 1.03, 1.03, 0, -1, 3130
219: UKSIPER, 0.17, R, 0.17, 0.17, 0, -1, 3131
220: UNDUSPLIT, 0.8, R, 0.8, 0.8, 0, -1, 3132
221: NUDIVX, 1, I, 1, 1, 0, -1, 3134
222: NUHDIVX, 1, I, 1, 1, 0, -1, 3135
223: NUDIVY, 3, I, 3, 3, 0, -1, 3136
224: NUDIVZ, 3, I, 3, 3, 0, -1, 3137
225: XMAPMINU, 9999., R, 9999., 9999., 0, -1, 3103
226: DXMAPU, 1., R, 1., 1., 0, -1, 3107
227: NXMAPU, 0, I, 0, 0, 0, -1, 3109
228: YMAPMINU, -3.0, R, -3.0, -3.0, 0, -1, 3111
229: YMAPMAXU, 3.0, R, 3.0, 3.0, 0, -1, 3112
230: NYMAPU, 1, I, 1, 1, 0, -1, 3113
231: ZMAPMINU, -20.0, R, -20.0, -20.0, 0, -1, 3116
232: ZMAPMAXU, 20.0, R, 20.0, 20.0, 0, -1, 3117
233: NZMAPU, 1, I, 1, 1, 0, -1, 3118
234: KXSTART, -1, I, -1, -1, 0, -1, 3139
235: KXSTOP, -1, I, -1, -1, 0, -1, 3141
236: UCORRTINY, 0.001, R, 0.001, 0.001, 0, -1, 3144
237: URANDOX, 0.00002, R, 0.00002, 0.00002, 0, -1, 3146
238: URANDOY, 0.0, R, 0.0, 0.0, 0, -1, 3147
239: URANDOZ, 0.00005, R, 0.00005, 0.00005, 0, -1, 3148
240: UWWINDOW, 1000., R, 1000., 1000., 0, -1, 3150
241: CHUNDUMAG, undumag.exe, C, undumag.exe, undumag.exe, 0, -1, 3154
242: CHUNDUNAM, undumag_nam.tmp, C, undumag_nam.tmp, undumag_nam.tmp, 0, -1, 3155
243: UNDUGAP_H, 10., R, 10., 10., 0, -1, 2983
244: NSPEC_H, 1, I, 1, 1, 0, -1, 3026
245: USMAGLX_H(1), 13.9, R, 13.9, 13.9, 0, -1, 3028
246: USMAGLY_H(1), 5.865898402796422, R, 5.865898402796422, 5.865898402796422, 0, -1, 3029
247: USMAGLZ_H(1), 40., R, 40., 40., 0, -1, 3030
248: USMAGCH_H(1), 0.3, R, 0.3, 0.3, 0, -1, 3031
249: MSMAG_H(1), 1, I, 1, 1, 0, -1, 3032
250: USMAGSPAC_H(1), 0.1, R, 0.1, 0.1, 0, -1, 3033
251: USMAGDY_H(1), 0.0, R, 0.0, 0.0, 0, -1, 3034
252: Varray0, 1, I, 1, 1, 0, 0, -1
253: NURANMOD, 1, I, 1, 1, 0, -1, 2802
254: UBANGERR(1), 0.0, R, 0.0, 0.0, 0, -1, 2826
255: USIGOFFY(1), 0.0, R, 0.0, 0.0, 0, -1, 2830
256: IWFILF, 0, I, 0, 0, 0, -1, 578
257: NFOURWLS, 32, I, 32, 32, 0, -1, 1649
258: IWBTAB, 0, I, 0, 0, 0, -1, 591
259: FILEWBT, wave_wbtab.dat, C, wave_wbtab.dat, wave_wbtab.dat, 0, -1, 1914
260: BTABS, 9999., R, 9999., 9999., 0, -1, 2720
261: BTABE, 9999., R, 9999., 9999., 0, -1, 2721
262: BTABY, 0.0, R, 0.0, 0.0, 0, -1, 2722
263: BTABZ, 0.0, R, 0.0, 0.0, 0, -1, 2723
264: NPWBTAB, 9999, I, 9999, 9999, 0, -1, 2725
265: BTABEPS, 0.1e-3, R, 0.1e-3, 0.1e-3, 0, -1, 2729
266: IWBMAPT, 0, I, 0, 0, 0, -1, 3769
267: IWBMAPAM, 0, I, 1, 1, 0, -1, -1
268: IWBMAP, 0, I, 0, 0, 0, -1, 602
269: IBMAPX, 1, I, 1, 1, 0, -1, 3182
270: IBMAPY, 1, I, 1, 1, 0, -1, 3185
271: IBMAPZ, 1, I, 1, 1, 0, -1, 3186
272: IBMRADIAL, 0, I, 0, 0, 0, -1, 3188
273: IWBMAPEXT, 0, I, 0, 0, 0, -1, 3211
274: IWBMAPHM, 0, I, 1, 1, 0, -1, -1
275: IWBMAPHM, 0, I, 1, 1, 0, -1, -1
276: IWBMAPCM, 0, I, 1, 1, 0, -1, -1
277: FILEBMAP, bmap.dat, C, bmap.dat, bmap.dat, 0, -1, 1991
278: XMAPMN, 9999., R, 9999., 9999., 0, -1, 3198
279: XMAPMX, 9999., R, 9999., 9999., 0, -1, 3199
280: NMAPX, -9999, I, -9999, -9999, 0, -1, 3200
281: YMAPMN, -0.007, R, -0.007, -0.007, 0, -1, 3203
282: YMAPMX, +0.007, R, +0.007, +0.007, 0, -1, 3204
283: NMAPY, 3, I, 3, 3, 0, -1, 3205
284: ZMAPMN, -0.03, R, -0.03, -0.03, 0, -1, 3207
285: ZMAPMX, +0.03, R, +0.03, +0.03, 0, -1, 3208
286: NMAPZ, 31, I, 31, 31, 0, -1, 3209
287: ISPECM, 1, I, 1, 1, 0, -1, -1
288: ISTOKES, 1, I, 1, 1, 0, -1, 857
289: IBRILL, 1, I, 1, 1, 0, -1, 859
290: UNDUM, 0, I, 1, 1, 0, -1, -1
291: IWIGGLER, 0, I, 0, 0, 0, -1, 90
292: IEXPERT, 0, I, 0, 0, 0, -1, 153
293: IEMIT, 0, I, 0, 0, 0, -1, 1114
294: IPHELLIP, 0, I, 0, 0, 0, -1, 2056
295: IBUNCH, 0, I, 0, 0, 0, -1, 879
296: UNDUBM, 0, I, 1, 1, 0, -1, -1
297: IFOLD, 1, I, 1, 1, 0, -1, 865
298: IEFOLD, 1, I, 1, 1, 0, -1, 906
299: UNDUFM, 0, I, 1, 1, 0, -1, -1
300: IRMAP2, 0, I, 0, 0, 0, -1, 3825
301: NOEMITPH, 0, I, 0, 0, 0, -1, 3439
302: NOESPREADPH, 0, I, 0, 0, 0, -1, 3440
303: PHRPERL, 9999.0d0, R, 9999.0d0, 9999.0d0, 0, -1, 3442
304: PHRB0H, 9999.0d0, R, 9999.0d0, 9999.0d0, 0, -1, 3444
305: PHRB0V, 9999.0d0, R, 9999.0d0, 9999.0d0, 0, -1, 3446
306: PHRSHIFT, 9999.0d0, R, 9999.0d0, 9999.0d0, 0, -1, 3448
307: WIGMOD1, 0, I, 1, 1, 0, -1, -1
308: WIGMOD2, 0, I, 1, 1, 0, -1, -1
309: IEXPERTM, 0, I, 1, 1, 0, -1, -1
310: ISPECMODE, 2, I, 2, 2, 0, -1, 713
311: WGWINFC, 9999., R, 9999., 9999., 0, -1, 2209
312: NLPOI, -9999, I, -9999, -9999, 0, -1, 762
313: XIANF, 9999., R, 9999., 9999., 0, -1, 746
314: XIEND, 9999., R, 9999., 9999., 0, -1, 748
315: ISPECDIP, 0, I, 0, 0, 0, -1, 1044
316: BYDIP(1), 1.3, R, 1.3, 1.3, 0, -1, 3334
317: X0DIP(1), 0.0, R, 0.0, 0.0, 0, -1, 3338
318: Y0DIP(1), 0.0, R, 0.0, 0.0, 0, -1, 3339
319: Z0DIP(1), 0.0, R, 0.0, 0.0, 0, -1, 3340
320: VXDIP(1), 1.0, R, 1.0, 1.0, 0, -1, 3341
321: VYDIP(1), 0.0, R, 0.0, 0.0, 0, -1, 3342
322: VZDIP(1), 0.0, R, 0.0, 0.0, 0, -1, 3343
323: WBL0CUT, 0.0, R, 0.0, 0.0, 0, -1, 2214
324: WBL0HYS, 1.0, R, 1.0, 1.0, 0, -1, 2218
325: IBL0CUT, 0, I, 0, 0, 0, -1, 2222
326: CX1, 9999., R, 9999., 9999., 0, -1, 2193
327: CY1, 9999., R, 9999., 9999., 0, -1, 2195
328: CZ1, 9999., R, 9999., 9999., 0, -1, 2196
329: WID1, 9999., R, 9999., 9999., 0, -1, 2197
330: HIG1, 9999., R, 9999., 9999., 0, -1, 2199
331: CX2, 9999., R, 9999., 9999., 0, -1, 2202
332: CY2, 9999., R, 9999., 9999., 0, -1, 2204
333: CZ2, 9999., R, 9999., 9999., 0, -1, 2205
334: WID2, 9999., R, 9999., 9999., 0, -1, 2206
335: HIG2, 9999., R, 9999., 9999., 0, -1, 2207
336: NROI, 0, I, 0, 0, 0, -1, 3640
337: ROIX(1), 0., R, 0., 0., 0, -1, 3649
338: ROIP(1), 1., R, 1., 1., 0, -1, 3650
339: ROIX(2), 0., R, 0., 0., 0, -1, 3654
340: ROIP(2), 1., R, 1., 1., 0, -1, 3655
341: ROIX(3), 0., R, 0., 0., 0, -1, 3656
342: ROIP(3), 1., R, 1., 1., 0, -1, 3657
343: IVELOM1, 1, I, 1, 1, 0, -1, -1
344: IVELOFIELD, 0, I, 0, 0, 0, -1, 727
345: IVELOM2, 0, I, 1, 1, 0, -1, -1
346: IVELOM3, 0, I, 1, 1, 0, -1, -1
347: ROIX(4), 0., R, 0., 0., 0, -1, 3658
348: ROIP(4), 1., R, 1., 1., 0, -1, 3659
349: ROIX(5), 0., R, 0., 0., 0, -1, 3660
350: ROIP(5), 1., R, 1., 1., 0, -1, 3661
351: ROIX(6), 0., R, 0., 0., 0, -1, 3662
352: IPIN0M, 0, I, 1, 1, 0, -1, -1
353: IPIN3, 0, I, 0, 0, 0, -1, 3817
354: IPINHV, 0, I, 0, 0, 0, -1, 3814
355: IPINWV, 0, I, 0, 0, 0, -1, 3815
356: IPINRV, 1, I, 1, 1, 0, -1, 3816
357: IPINRECTM, 1, I, 1, 1, 0, -1, -1
358: IPINCIRC, 0, I, 0, 0, 0, -1, 853
359: IPINCIRCM, 0, I, 1, 1, 0, -1, -1
360: PINW, 0.003, R, 0.003, 0.003, 0, -1, 2574
361: PINH, 0.003, R, 0.003, 0.003, 0, -1, 2579
362: PINR, -9999., R, -9999., -9999., 0, -1, 2584
363: MPINZ, 21, I, 21, 21, 0, -1, 2547
364: MPINY, 21, I, 21, 21, 0, -1, 2549
365: PINCEN(1), 10., R, 10., 10., 0, -1, 2514
366: PINCEN(2), 9999., R, 9999., 9999., 0, -1, 2516
367: PINCEN(3), 9999., R, 9999., 9999., 0, -1, 2527
368: MPINRT, 0, I, 0, 0, 0, -1, 3811
369: MPINR, 0, I, 0, 0, 0, -1, 2556
370: MPINPHI, 16, I, 16, 16, 0, -1, 2561
371: IQUADPHI, 0, I, 0, 0, 0, -1, 2601
372: OBS1X, -9999., R, -9999., -9999., 0, -1, 2608
373: OBS1Y, 0.0, R, 0.0, 0.0, 0, -1, 2610
374: OBS1Z, 0.0, R, 0.0, 0.0, 0, -1, 2619
375: IFREQ2P, 3, I, 3, 3, 0, -1, 791
376: FREQLOW, 105., R, 105., 105., 0, -1, 2632
377: FREQHIG, 117., R, 117., 117., 0, -1, 2637
378: NINTFREQ, 13, I, 13, 13, 0, -1, 2644
379: PINRAD, 9999., R, 9999., 9999., 0, -1, 2588
380: IPIN, 1, I, 1, 1, 0, -1, 818
381: ISPECINT, 0, I, 0, 0, 0, -1, 816
382: IFOLDM, 1, I, 1, 1, 0, -1, -1
383: IEFOLDM, 1, I, 1, 1, 0, -1, -1
384: IBUNCHM, 0, I, 1, 1, 0, -1, -1
385: BSIGZ(1), 275.e-6, R, 275.e-6, 275.e-6, 0, -1, 2336
386: BSIGZP(1), 28.1e-6, R, 28.1e-6, 28.1e-6, 0, -1, 2337
387: DGSIGZ(1), 3., R, 3., 3., 0, -1, 2357
388: BSIGY(1), 22.5e-6, R, 22.5e-6, 22.5e-6, 0, -1, 2340
389: BSIGYP(1), 6.80e-6, R, 6.80e-6, 6.80e-6, 0, -1, 2341
390: DGSIGY(1), 3., R, 3., 3., 0, -1, 2358
391: NSIGE, 3, I, 3, 3, 0, -1, 2396
392: NBUNCH, 1, I, 1, 1, 0, -1, 2404
393: NEINBUNCH, 1, I, 1, 1, 0, -1, 2406
394: BUNCHLEN, 1000.0d-9, R, 1000.0d-9, 1000.0d-9, 0, -1, 2426
395: IUBUNCH, 0, I, 0, 0, 0, -1, 2438
396: BUNCHCHARGE, -9999., R, -9999., -9999., 0, -1, 2483
397: IWBUNCH, 0, I, 0, 0, 0, -1, 2502
398: IWFILSP0, 0, I, 0, 0, 0, -1, 915
399: FILESP0, wave.sp0, C, wave.sp0, wave.sp0, 0, -1, 1851
400: IWFILSTO, 0, I, 0, 0, 0, -1, 969
401: FILESTO, wave_stokes.dat, C, wave_stokes.dat, wave_stokes.dat, 0, -1, 1933
402: IWFILSPF, 0, I, 0, 0, 0, -1, 966
403: FILESPF, wave_specf.dat, C, wave_specf.dat, wave_specf.dat, 0, -1, 1911
404: IWFLSTOF, 0, I, 0, 0, 0, -1, 973
405: FILESTOF, wave_stokesf.dat, C, wave_stokesf.dat, wave_stokesf.dat, 0, -1, 1936
406: IWFILPOW, 0, I, 0, 0, 0, -1, 918
407: FILEPOW, wave.pow, C, wave.pow, wave.pow, 0, -1, 1854
408: IWFILRAY, 0, I, 0, 0, 0, -1, 925
409: FILERAY, wave_ray.dat, C, wave_ray.dat, wave_ray.dat, 0, -1, 1867
410: IPHASEM, 0, I, 1, 1, 0, -1, -1
411: IMAMPLI, 1, I, 1, 1, 0, -1, 3508
412: FILEAMPLI, reaima.dat, C, reaima.dat, reaima.dat, 0, -1, 2006
413: IBEAMFOLD, 0, I, 0, 0, 0, -1, 3808
414: NGFOURZ, 5, I, 5, 5, 0, -1, 2360
415: NGFOURY, 7, I, 7, 7, 0, -1, 2361
416: IBEAMEFOLD, 0, I, 0, 0, 0, -1, 3809
417: IFILTER, 0, I, 0, 0, 0, -1, 2650
418: FILEABS, sigma_tot.pb, C, sigma_tot.pb, sigma_tot.pb, 0, -1, 1918
419: ABSTHI, 0.002, R, 0.002, 0.002, 0, -1, 2674
420: EFFIB, 0, I, 1, 1, 0, -1, -1
421: IEFFI, 0, I, 0, 0, 0, -1, 2661
422: FILEFF, gold.eff, C, gold.eff, gold.eff, 0, -1, 1921
423: IPOLA, 0, I, 0, 0, 0, -1, 901
424: VPOLA(3), (-1.,0.), CMPLX, (-1.,0.), (-1.,0.), 0, -1, 2251
425: VPOLA(2), (0.,0.), CMPLX, (0.,0.), (0.,0.), 0, -1, 2250
426: IDOSE, 0, I, 0, 0, 0, -1, 895
427: UTAPER(1), 0., R, 0., 0., 0, -1, 2822
428: FILEHB, wave_histo.his, C, wave_histo.his, wave_histo.his, 0, -1, 1861
429: IHTRACKMM, 1, I, 1, 1, 0, -1, -1
430: IHTRACK, 1, I, 1, 1, 0, -1, 671
431: IHTRSMP, 1, I, 1, 1, 0, -1, 680
432: IHTRACKMMM, 1, I, 1, 1, 0, -1, -1
433: IHTRACKM, 1, I, 1, 1, 0, -1, 756
434: IHBETA, 1, I, 1, 1, 0, -1, 1123
435: IHFREQ, 1, I, 1, 1, 0, -1, 810
436: IHPINM, 0, I, 1, 1, 0, -1, -1
437: IHPIN, 0, I, 0, 0, 0, -1, 840
438: IHFOLD, 1, I, 1, 1, 0, -1, 845
439: IHISASCII, 0, I, 0, 0, 0, -1, 221
440: IROOTTREES, 0, I, 0, 0, 0, -1, 236
441: IROOTHDF5, 0, I, 0, 0, 0, -1, 242
442: IUNAME, 0, I, 0, 0, 0, -1, 699
443: IUSTEP, 0, I, 0, 0, 0, -1, 700
444: IUOUT, 0, I, 0, 0, 0, -1, 701
445: IPHASE, 0, I, 0, 0, 0, -1, 885
446: PHCENX, 0.0, R, 0.0, 0.0, 0, -1, 3375
447: PHCENY, 0.0, R, 0.0, 0.0, 0, -1, 3376
448: PHCENZ, 0.0, R, 0.0, 0.0, 0, -1, 3378
449: PHWID, -9999., R, -9999., -9999., 0, -1, 3381
450: PHHIG, -9999., R, -9999., -9999., 0, -1, 3383
451: NPHASEZ, 51, I, 51, 51, 0, -1, 3390
452: NPHASEY, 51, I, 51, 51, 0, -1, 3391
453: MPHASEZ, -9999, I, -9999, -9999, 0, -1, 3392
454: MPHASEY, -9999, I, -9999, -9999, 0, -1, 3395
455: IPHFOLD, 1, I, 1, 1, 0, -1, 3399
456: PHBETH, -9999., R, -9999., -9999., 0, -1, 3404
457: PHBETV, -9999., R, -9999., -9999., 0, -1, 3406
458: IHSEL, 0, I, 0, 0, 0, -1, 3433
459: IEMITM, 0, I, 1, 1, 0, -1, -1
460: BETFUN, 0.0, R, 0.0, 0.0, 0, -1, 1745
461: BETFUNV, 0.0, R, 0.0, 0.0, 0, -1, 1769
462: RDIPOL, 4.359, R, 4.359, 4.359, 0, -1, 1686
463: TAUKRIT, 4.0, R, 4.0, 4.0, 0, -1, 1688
464: DISP0, 0.0, R, 0.0, 0.0, 0, -1, 1791
465: DDISP0, 0.0, R, 0.0, 0.0, 0, -1, 1792
466: DI2RING, 1.4414, R, 1.4414, 1.4414, 0, -1, 1794
467: DI4RING, 0.0, R, 0.0, 0.0, 0, -1, 1795
468: DI5RING, 0.0020588, R, 0.0020588, 0.0020588, 0, -1, 1796
469: DELTAZ, 0.0, R, 0.0, 0.0, 0, -1, 2035
470: DELTAZP, 0.0, R, 0.0, 0.0, 0, -1, 2036
471: DELTAY, 0.0, R, 0.0, 0.0, 0, -1, 2037
472: DELTAYP, 0.0, R, 0.0, 0.0, 0, -1, 2038
473: DELTAE, 0.0, R, 0.0, 0.0, 0, -1, 2040
474: IOPTICM, 0, I, 1, 1, 0, -1, -1
475: IOPTIC, 0, I, 0, 0, 0, -1, 1073
476: IHPHSPAC, 1, I, 1, 1, 0, -1, 2096
477: FILEO, wave_optic.dat, C, wave_optic.dat, wave_optic.dat, 0, -1, 1870
478: NZOPT, 8, I, 8, 8, 0, -1, 2078
479: DZOPT, 9999., R, 9999., 9999., 0, -1, 2079
480: NYOPT, 8, I, 8, 8, 0, -1, 2080
481: DYOPT, 9999., R, 9999., 9999., 0, -1, 2081
482: NZPOPT, 8, I, 8, 8, 0, -1, 2083
483: DZPOPT, 9999., R, 9999., 9999., 0, -1, 2084
484: NYPOPT, 8, I, 8, 8, 0, -1, 2085
485: DYPOPT, 9999., R, 9999., 9999., 0, -1, 2086
486: ZAPERT, 0.03, R, 0.03, 0.03, 0, -1, 2090
487: YAPERT, 0.0075, R, 0.0075, 0.0075, 0, -1, 2091
488: DLAPER, 5.8, R, 5.8, 5.8, 0, -1, 2088
489: OPSTARTX, 9999., R, 9999., 9999., 0, -1, 2104
490: OPSTARTY, 0., R, 0., 0., 0, -1, 2110
491: OPSTARTZ, 0., R, 0., 0., 0, -1, 2111
492: OPNX, 9999., R, 9999., 9999., 0, -1, 2113
493: OPNY, 0.0, R, 0.0, 0.0, 0, -1, 2116
494: OPNZ, 0.0, R, 0.0, 0.0, 0, -1, 2117
495: OPENDX, 9999., R, 9999., 9999., 0, -1, 2119
496: OPENDY, 0., R, 0., 0., 0, -1, 2121
497: OPENDZ, 0., R, 0., 0., 0, -1, 2122
498: OPNFX, 9999., R, 9999., 9999., 0, -1, 2124
499: OPNFY, 0.0, R, 0.0, 0.0, 0, -1, 2127
500: OPNFZ, 0.0, R, 0.0, 0.0, 0, -1, 2128
501: IGENFUN, 0, I, 0, 0, 0, -1, 1082
502: ISELECT, 51, I, 51, 51, 0, -1, 2148
503: IKOEFF, 1, I, 1, 1, 0, -1, 2150
504: IHALBA, 0, I, 0, 0, 0, -1, 2152
505: NPERTRA, 78, I, 78, 78, 0, -1, 2154
506: IQUAD, 1, I, 1, 1, 0, -1, 2156
507: ISYM, 0, I, 0, 0, 0, -1, 2169
508: IA1000, 0, I, 0, 0, 0, -1, 2158
509: IA0100, 0, I, 0, 0, 0, -1, 2159
510: IA0010, 0, I, 0, 0, 0, -1, 2160
511: IA0001, 0, I, 0, 0, 0, -1, 2161
512: IA11A20, 0, I, 0, 0, 0, -1, 2163
513: IWLSHOR, 0, I, 0, 0, 0, -1, 2166
514: IWORK1, 0, I, 0, 0, 0, -1, 3805
515: IONE, 1, I, 1, 1, 0, -1, 3746
516: IWAVES, 0, I, 0, 0, 0, -1, 3757
517: UESHIFTLL, 0.0, R, 0.0, 0.0, 0, -1, 3788
518: UESHIFTLR, 0., R, 0., 0., 0, -1, 3790
519: UESHIFTUL, 0., R, 0., 0., 0, -1, 3789
520: UESHIFTUR, 0.0, R, 0.0, 0.0, 0, -1, 3791
521: SHIFTLLM, 0.0, R, 0.0, 0.0, 0, -1, 3792
522: UESHIFTLLM, 0.0, R, 0.0, 0.0, 0, -1, 3796
523: SHIFTLRM, 0., R, 0., 0., 0, -1, 3794
524: UESHIFTLRM, 0., R, 0., 0., 0, -1, 3798
525: SHIFTULM, 0., R, 0., 0., 0, -1, 3793
526: UESHIFTULM, 0., R, 0., 0., 0, -1, 3797
527: SHIFTURM, 0.0, R, 0.0, 0.0, 0, -1, 3795
528: UESHIFTURM, 0.0, R, 0.0, 0.0, 0, -1, 3799
529: NDIP, 1, I, 1, 1, 0, -1, 3332
530: IAMPREPP, 0, I, 0, 0, 0, -1, 3810
531: IAMPREP, 0, I, 0, 0, 0, -1, 3548
532: IAMPLI, 0, I, 0, 0, 0, -1, 944
533: INULL, 0, I, 0, 0, 0, -1, 3745
534: IAMPW, 0, I, 0, 0, 0, -1, 3759
535: IAMPNW, 1, I, 1, 1, 0, -1, 3760
536: IAMPNP, 1, I, 1, 1, 0, -1, 3761
537: IAMPLI11, 0, I, 0, 0, 0, -1, 3762
538: IAMPLI12, 0, I, 0, 0, 0, -1, 3764
539: IAMPLI21, 0, I, 0, 0, 0, -1, 3763
540: IAMPLI22, 0, I, 0, 0, 0, -1, 3765
541: BXDIP(1), 0.0, R, 0.0, 0.0, 0, -1, 3333
542: BZDIP(1), 0.0, R, 0.0, 0.0, 0, -1, 3335
543: INURAN, 0, I, 0, 0, 0, -1, 3766
544: A0SCGLOBZ, 1.0, R, 1.0, 1.0, 0, -1, 1306
545: A0SCGLOBY, 1.0, R, 1.0, 1.0, 0, -1, 1302
546: IBSUPER, 1, I, 1, 1, 0, -1, 249
547: ISIX, 6, I, 6, 6, 0, -1, 3751
548: TROT1800, 180., R, 180., 180., 0, -1, 3780
549: TROT180, 180., R, 180., 180., 0, -1, 3781
550: TROT900, 90., R, 90., 90., 0, -1, 3777
551: TROT90, 90., R, 90., 90., 0, -1, 3778
552: TROTMODU, 86.76, R, 86.76, 86.76, 0, -1, 3773
553: TROTCHIC, 0., R, 0., 0., 0, -1, 3771
554: THEROT(1), 90., R, 90., 90., 0, -1, 2939
555: THEROT(2), -90., R, -90., -90., 0, -1, 2940
556: THEROT(3), -90., R, -90., -90., 0, -1, 2941
557: THEROT(4), 90., R, 90., 90., 0, -1, 2942
558: THEROT(13), 90., R, 90., 90., 0, -1, 2953
559: THEROT(14), -90., R, -90., -90., 0, -1, 2954
560: THEROT(15), -90., R, -90., -90., 0, -1, 2955
561: THEROT(16), 90., R, 90., 90., 0, -1, 2956
562: THEROT(5), -90.00, R, -90.00, -90.00, 0, -1, 2944
563: TROTM, 0., R, 0., 0., 0, -1, 3779
564: THEROT(6), 90.00, R, 90.00, 90.00, 0, -1, 2945
565: THEROT(7), 90.00, R, 90.00, 90.00, 0, -1, 2946
566: THEROT(8), -90.00, R, -90.00, -90.00, 0, -1, 2947
567: THEROT(9), -90.00, R, -90.00, -90.00, 0, -1, 2948
568: THEROT(10), 90.00, R, 90.00, 90.00, 0, -1, 2949
569: THEROT(11), 90.00, R, 90.00, 90.00, 0, -1, 2950
570: THEROT(12), -90.00, R, -90.00, -90.00, 0, -1, 2951
571: DELGAM, 0.001, R, 0.001, 0.001, 0, -1, 1798
572: R9999, 9999., R, 9999., 9999., 0, -1, 3813
